{"/Users/lpatiny/git/mljs/global-spectral-deconvolution/dist copy/src/gsd.js": {"path":"/Users/lpatiny/git/mljs/global-spectral-deconvolution/dist copy/src/gsd.js","statementMap":{"0":{"start":{"line":3,"column":11},"end":{"line":3,"column":51}},"1":{"start":{"line":5,"column":23},"end":{"line":18,"column":1}},"2":{"start":{"line":42,"column":2},"end":{"line":42,"column":55}},"3":{"start":{"line":43,"column":18},"end":{"line":43,"column":35}},"4":{"start":{"line":44,"column":12},"end":{"line":44,"column":23}},"5":{"start":{"line":46,"column":14},"end":{"line":46,"column":15}},"6":{"start":{"line":47,"column":14},"end":{"line":47,"column":30}},"7":{"start":{"line":48,"column":2},"end":{"line":67,"column":3}},"8":{"start":{"line":52,"column":4},"end":{"line":60,"column":5}},"9":{"start":{"line":52,"column":17},"end":{"line":52,"column":18}},"10":{"start":{"line":53,"column":6},"end":{"line":53,"column":38}},"11":{"start":{"line":54,"column":6},"end":{"line":56,"column":7}},"12":{"start":{"line":55,"column":8},"end":{"line":55,"column":20}},"13":{"start":{"line":57,"column":6},"end":{"line":59,"column":7}},"14":{"start":{"line":58,"column":8},"end":{"line":58,"column":20}},"15":{"start":{"line":62,"column":4},"end":{"line":66,"column":5}},"16":{"start":{"line":63,"column":6},"end":{"line":63,"column":44}},"17":{"start":{"line":65,"column":6},"end":{"line":65,"column":29}},"18":{"start":{"line":68,"column":22},"end":{"line":68,"column":53}},"19":{"start":{"line":69,"column":2},"end":{"line":72,"column":3}},"20":{"start":{"line":70,"column":4},"end":{"line":70,"column":23}},"21":{"start":{"line":71,"column":4},"end":{"line":71,"column":24}},"22":{"start":{"line":74,"column":2},"end":{"line":76,"column":3}},"23":{"start":{"line":74,"column":15},"end":{"line":74,"column":16}},"24":{"start":{"line":75,"column":4},"end":{"line":75,"column":48}},"25":{"start":{"line":78,"column":2},"end":{"line":82,"column":3}},"26":{"start":{"line":78,"column":15},"end":{"line":78,"column":16}},"27":{"start":{"line":79,"column":4},"end":{"line":81,"column":5}},"28":{"start":{"line":80,"column":6},"end":{"line":80,"column":15}},"29":{"start":{"line":84,"column":10},"end":{"line":84,"column":11}},"30":{"start":{"line":86,"column":2},"end":{"line":122,"column":3}},"31":{"start":{"line":87,"column":4},"end":{"line":93,"column":5}},"32":{"start":{"line":88,"column":6},"end":{"line":92,"column":9}},"33":{"start":{"line":94,"column":4},"end":{"line":98,"column":7}},"34":{"start":{"line":99,"column":4},"end":{"line":103,"column":7}},"35":{"start":{"line":105,"column":4},"end":{"line":111,"column":5}},"36":{"start":{"line":106,"column":6},"end":{"line":110,"column":9}},"37":{"start":{"line":112,"column":4},"end":{"line":116,"column":7}},"38":{"start":{"line":117,"column":4},"end":{"line":121,"column":7}},"39":{"start":{"line":124,"column":12},"end":{"line":124,"column":13}},"40":{"start":{"line":125,"column":13},"end":{"line":125,"column":24}},"41":{"start":{"line":126,"column":15},"end":{"line":126,"column":16}},"42":{"start":{"line":127,"column":13},"end":{"line":127,"column":14}},"43":{"start":{"line":128,"column":2},"end":{"line":135,"column":3}},"44":{"start":{"line":128,"column":15},"end":{"line":128,"column":16}},"45":{"start":{"line":129,"column":4},"end":{"line":131,"column":5}},"46":{"start":{"line":130,"column":6},"end":{"line":130,"column":32}},"47":{"start":{"line":132,"column":4},"end":{"line":134,"column":5}},"48":{"start":{"line":133,"column":6},"end":{"line":133,"column":28}},"49":{"start":{"line":137,"column":16},"end":{"line":137,"column":20}},"50":{"start":{"line":138,"column":16},"end":{"line":138,"column":20}},"51":{"start":{"line":139,"column":15},"end":{"line":139,"column":38}},"52":{"start":{"line":140,"column":18},"end":{"line":140,"column":37}},"53":{"start":{"line":141,"column":18},"end":{"line":141,"column":37}},"54":{"start":{"line":142,"column":18},"end":{"line":142,"column":41}},"55":{"start":{"line":143,"column":18},"end":{"line":143,"column":19}},"56":{"start":{"line":144,"column":21},"end":{"line":144,"column":22}},"57":{"start":{"line":145,"column":21},"end":{"line":145,"column":22}},"58":{"start":{"line":146,"column":21},"end":{"line":146,"column":22}},"59":{"start":{"line":148,"column":2},"end":{"line":189,"column":3}},"60":{"start":{"line":148,"column":15},"end":{"line":148,"column":16}},"61":{"start":{"line":150,"column":4},"end":{"line":180,"column":5}},"62":{"start":{"line":152,"column":6},"end":{"line":164,"column":7}},"63":{"start":{"line":156,"column":8},"end":{"line":159,"column":10}},"64":{"start":{"line":160,"column":8},"end":{"line":163,"column":9}},"65":{"start":{"line":161,"column":10},"end":{"line":161,"column":46}},"66":{"start":{"line":162,"column":10},"end":{"line":162,"column":46}},"67":{"start":{"line":167,"column":6},"end":{"line":179,"column":7}},"68":{"start":{"line":171,"column":8},"end":{"line":174,"column":10}},"69":{"start":{"line":175,"column":8},"end":{"line":178,"column":9}},"70":{"start":{"line":176,"column":10},"end":{"line":176,"column":46}},"71":{"start":{"line":177,"column":10},"end":{"line":177,"column":46}},"72":{"start":{"line":183,"column":4},"end":{"line":188,"column":5}},"73":{"start":{"line":185,"column":6},"end":{"line":185,"column":30}},"74":{"start":{"line":186,"column":6},"end":{"line":187,"column":56}},"75":{"start":{"line":190,"column":2},"end":{"line":190,"column":28}},"76":{"start":{"line":191,"column":2},"end":{"line":191,"column":34}},"77":{"start":{"line":192,"column":2},"end":{"line":192,"column":34}},"78":{"start":{"line":193,"column":2},"end":{"line":193,"column":34}},"79":{"start":{"line":195,"column":16},"end":{"line":195,"column":40}},"80":{"start":{"line":196,"column":19},"end":{"line":196,"column":20}},"81":{"start":{"line":197,"column":14},"end":{"line":197,"column":16}},"82":{"start":{"line":199,"column":2},"end":{"line":244,"column":3}},"83":{"start":{"line":199,"column":15},"end":{"line":199,"column":16}},"84":{"start":{"line":200,"column":4},"end":{"line":200,"column":29}},"85":{"start":{"line":201,"column":4},"end":{"line":201,"column":18}},"86":{"start":{"line":202,"column":12},"end":{"line":202,"column":21}},"87":{"start":{"line":203,"column":4},"end":{"line":203,"column":35}},"88":{"start":{"line":204,"column":4},"end":{"line":204,"column":18}},"89":{"start":{"line":205,"column":4},"end":{"line":205,"column":25}},"90":{"start":{"line":206,"column":4},"end":{"line":220,"column":5}},"91":{"start":{"line":207,"column":6},"end":{"line":207,"column":78}},"92":{"start":{"line":210,"column":6},"end":{"line":214,"column":7}},"93":{"start":{"line":211,"column":8},"end":{"line":211,"column":32}},"94":{"start":{"line":213,"column":8},"end":{"line":213,"column":30}},"95":{"start":{"line":215,"column":6},"end":{"line":218,"column":7}},"96":{"start":{"line":216,"column":8},"end":{"line":216,"column":21}},"97":{"start":{"line":217,"column":8},"end":{"line":217,"column":18}},"98":{"start":{"line":219,"column":6},"end":{"line":219,"column":10}},"99":{"start":{"line":222,"column":4},"end":{"line":243,"column":5}},"100":{"start":{"line":223,"column":6},"end":{"line":242,"column":7}},"101":{"start":{"line":224,"column":8},"end":{"line":230,"column":10}},"102":{"start":{"line":231,"column":8},"end":{"line":234,"column":9}},"103":{"start":{"line":232,"column":10},"end":{"line":232,"column":61}},"104":{"start":{"line":233,"column":10},"end":{"line":233,"column":62}},"105":{"start":{"line":235,"column":8},"end":{"line":241,"column":9}},"106":{"start":{"line":236,"column":22},"end":{"line":236,"column":50}},"107":{"start":{"line":237,"column":23},"end":{"line":237,"column":51}},"108":{"start":{"line":238,"column":10},"end":{"line":240,"column":63}},"109":{"start":{"line":245,"column":2},"end":{"line":245,"column":30}},"110":{"start":{"line":247,"column":2},"end":{"line":249,"column":3}},"111":{"start":{"line":248,"column":4},"end":{"line":248,"column":36}},"112":{"start":{"line":252,"column":2},"end":{"line":254,"column":3}},"113":{"start":{"line":252,"column":15},"end":{"line":252,"column":16}},"114":{"start":{"line":253,"column":4},"end":{"line":253,"column":41}},"115":{"start":{"line":256,"column":2},"end":{"line":258,"column":5}},"116":{"start":{"line":257,"column":4},"end":{"line":257,"column":21}},"117":{"start":{"line":260,"column":2},"end":{"line":260,"column":17}},"118":{"start":{"line":264,"column":13},"end":{"line":264,"column":14}},"119":{"start":{"line":266,"column":15},"end":{"line":266,"column":16}},"120":{"start":{"line":267,"column":15},"end":{"line":267,"column":23}},"121":{"start":{"line":268,"column":2},"end":{"line":270,"column":3}},"122":{"start":{"line":268,"column":15},"end":{"line":268,"column":16}},"123":{"start":{"line":269,"column":4},"end":{"line":269,"column":17}},"124":{"start":{"line":271,"column":2},"end":{"line":271,"column":17}},"125":{"start":{"line":272,"column":26},"end":{"line":272,"column":43}},"126":{"start":{"line":273,"column":2},"end":{"line":275,"column":3}},"127":{"start":{"line":273,"column":15},"end":{"line":273,"column":16}},"128":{"start":{"line":274,"column":4},"end":{"line":274,"column":49}},"129":{"start":{"line":276,"column":2},"end":{"line":276,"column":42}},"130":{"start":{"line":276,"column":35},"end":{"line":276,"column":40}},"131":{"start":{"line":277,"column":2},"end":{"line":284,"column":3}},"132":{"start":{"line":278,"column":4},"end":{"line":278,"column":58}},"133":{"start":{"line":280,"column":4},"end":{"line":283,"column":13}},"134":{"start":{"line":286,"column":2},"end":{"line":286,"column":16}},"135":{"start":{"line":291,"column":2},"end":{"line":342,"column":3}},"136":{"start":{"line":291,"column":15},"end":{"line":291,"column":16}},"137":{"start":{"line":292,"column":4},"end":{"line":292,"column":37}},"138":{"start":{"line":294,"column":4},"end":{"line":320,"column":5}},"139":{"start":{"line":298,"column":6},"end":{"line":298,"column":21}},"140":{"start":{"line":300,"column":6},"end":{"line":319,"column":7}},"141":{"start":{"line":304,"column":8},"end":{"line":304,"column":23}},"142":{"start":{"line":306,"column":8},"end":{"line":318,"column":9}},"143":{"start":{"line":310,"column":10},"end":{"line":310,"column":28}},"144":{"start":{"line":312,"column":10},"end":{"line":317,"column":11}},"145":{"start":{"line":316,"column":12},"end":{"line":316,"column":30}},"146":{"start":{"line":322,"column":4},"end":{"line":341,"column":5}},"147":{"start":{"line":330,"column":6},"end":{"line":330,"column":51}},"148":{"start":{"line":331,"column":6},"end":{"line":331,"column":46}},"149":{"start":{"line":332,"column":6},"end":{"line":332,"column":51}},"150":{"start":{"line":333,"column":6},"end":{"line":333,"column":63}},"151":{"start":{"line":336,"column":6},"end":{"line":337,"column":70}},"152":{"start":{"line":338,"column":6},"end":{"line":340,"column":63}},"153":{"start":{"line":345,"column":0},"end":{"line":345,"column":21}}},"fnMap":{"0":{"name":"gsd","decl":{"start":{"line":41,"column":9},"end":{"line":41,"column":12}},"loc":{"start":{"line":41,"column":30},"end":{"line":261,"column":1}},"line":41},"1":{"name":"(anonymous_1)","decl":{"start":{"line":256,"column":15},"end":{"line":256,"column":16}},"loc":{"start":{"line":256,"column":30},"end":{"line":258,"column":3}},"line":256},"2":{"name":"getNoiseLevel","decl":{"start":{"line":263,"column":9},"end":{"line":263,"column":22}},"loc":{"start":{"line":263,"column":26},"end":{"line":287,"column":1}},"line":263},"3":{"name":"(anonymous_3)","decl":{"start":{"line":276,"column":25},"end":{"line":276,"column":26}},"loc":{"start":{"line":276,"column":35},"end":{"line":276,"column":40}},"line":276},"4":{"name":"realTopDetection","decl":{"start":{"line":289,"column":9},"end":{"line":289,"column":25}},"loc":{"start":{"line":289,"column":42},"end":{"line":343,"column":1}},"line":289}},"branchMap":{"0":{"loc":{"start":{"line":48,"column":2},"end":{"line":67,"column":3}},"type":"if","locations":[{"start":{"line":48,"column":2},"end":{"line":67,"column":3}},{"start":{"line":48,"column":2},"end":{"line":67,"column":3}}],"line":48},"1":{"loc":{"start":{"line":54,"column":6},"end":{"line":56,"column":7}},"type":"if","locations":[{"start":{"line":54,"column":6},"end":{"line":56,"column":7}},{"start":{"line":54,"column":6},"end":{"line":56,"column":7}}],"line":54},"2":{"loc":{"start":{"line":57,"column":6},"end":{"line":59,"column":7}},"type":"if","locations":[{"start":{"line":57,"column":6},"end":{"line":59,"column":7}},{"start":{"line":57,"column":6},"end":{"line":59,"column":7}}],"line":57},"3":{"loc":{"start":{"line":62,"column":4},"end":{"line":66,"column":5}},"type":"if","locations":[{"start":{"line":62,"column":4},"end":{"line":66,"column":5}},{"start":{"line":62,"column":4},"end":{"line":66,"column":5}}],"line":62},"4":{"loc":{"start":{"line":69,"column":2},"end":{"line":72,"column":3}},"type":"if","locations":[{"start":{"line":69,"column":2},"end":{"line":72,"column":3}},{"start":{"line":69,"column":2},"end":{"line":72,"column":3}}],"line":69},"5":{"loc":{"start":{"line":79,"column":4},"end":{"line":81,"column":5}},"type":"if","locations":[{"start":{"line":79,"column":4},"end":{"line":81,"column":5}},{"start":{"line":79,"column":4},"end":{"line":81,"column":5}}],"line":79},"6":{"loc":{"start":{"line":86,"column":2},"end":{"line":122,"column":3}},"type":"if","locations":[{"start":{"line":86,"column":2},"end":{"line":122,"column":3}},{"start":{"line":86,"column":2},"end":{"line":122,"column":3}}],"line":86},"7":{"loc":{"start":{"line":87,"column":4},"end":{"line":93,"column":5}},"type":"if","locations":[{"start":{"line":87,"column":4},"end":{"line":93,"column":5}},{"start":{"line":87,"column":4},"end":{"line":93,"column":5}}],"line":87},"8":{"loc":{"start":{"line":105,"column":4},"end":{"line":111,"column":5}},"type":"if","locations":[{"start":{"line":105,"column":4},"end":{"line":111,"column":5}},{"start":{"line":105,"column":4},"end":{"line":111,"column":5}}],"line":105},"9":{"loc":{"start":{"line":129,"column":4},"end":{"line":131,"column":5}},"type":"if","locations":[{"start":{"line":129,"column":4},"end":{"line":131,"column":5}},{"start":{"line":129,"column":4},"end":{"line":131,"column":5}}],"line":129},"10":{"loc":{"start":{"line":132,"column":4},"end":{"line":134,"column":5}},"type":"if","locations":[{"start":{"line":132,"column":4},"end":{"line":134,"column":5}},{"start":{"line":132,"column":4},"end":{"line":134,"column":5}}],"line":132},"11":{"loc":{"start":{"line":150,"column":4},"end":{"line":180,"column":5}},"type":"if","locations":[{"start":{"line":150,"column":4},"end":{"line":180,"column":5}},{"start":{"line":150,"column":4},"end":{"line":180,"column":5}}],"line":150},"12":{"loc":{"start":{"line":152,"column":6},"end":{"line":164,"column":7}},"type":"if","locations":[{"start":{"line":152,"column":6},"end":{"line":164,"column":7}},{"start":{"line":152,"column":6},"end":{"line":164,"column":7}}],"line":152},"13":{"loc":{"start":{"line":153,"column":8},"end":{"line":154,"column":49}},"type":"binary-expr","locations":[{"start":{"line":153,"column":9},"end":{"line":153,"column":26}},{"start":{"line":153,"column":30},"end":{"line":153,"column":48}},{"start":{"line":154,"column":9},"end":{"line":154,"column":27}},{"start":{"line":154,"column":31},"end":{"line":154,"column":48}}],"line":153},"14":{"loc":{"start":{"line":160,"column":8},"end":{"line":163,"column":9}},"type":"if","locations":[{"start":{"line":160,"column":8},"end":{"line":163,"column":9}},{"start":{"line":160,"column":8},"end":{"line":163,"column":9}}],"line":160},"15":{"loc":{"start":{"line":160,"column":12},"end":{"line":160,"column":38}},"type":"binary-expr","locations":[{"start":{"line":160,"column":12},"end":{"line":160,"column":18}},{"start":{"line":160,"column":22},"end":{"line":160,"column":38}}],"line":160},"16":{"loc":{"start":{"line":167,"column":6},"end":{"line":179,"column":7}},"type":"if","locations":[{"start":{"line":167,"column":6},"end":{"line":179,"column":7}},{"start":{"line":167,"column":6},"end":{"line":179,"column":7}}],"line":167},"17":{"loc":{"start":{"line":168,"column":8},"end":{"line":169,"column":49}},"type":"binary-expr","locations":[{"start":{"line":168,"column":9},"end":{"line":168,"column":27}},{"start":{"line":168,"column":31},"end":{"line":168,"column":48}},{"start":{"line":169,"column":9},"end":{"line":169,"column":26}},{"start":{"line":169,"column":30},"end":{"line":169,"column":48}}],"line":168},"18":{"loc":{"start":{"line":175,"column":8},"end":{"line":178,"column":9}},"type":"if","locations":[{"start":{"line":175,"column":8},"end":{"line":178,"column":9}},{"start":{"line":175,"column":8},"end":{"line":178,"column":9}}],"line":175},"19":{"loc":{"start":{"line":175,"column":12},"end":{"line":175,"column":38}},"type":"binary-expr","locations":[{"start":{"line":175,"column":12},"end":{"line":175,"column":18}},{"start":{"line":175,"column":22},"end":{"line":175,"column":38}}],"line":175},"20":{"loc":{"start":{"line":183,"column":4},"end":{"line":188,"column":5}},"type":"if","locations":[{"start":{"line":183,"column":4},"end":{"line":188,"column":5}},{"start":{"line":183,"column":4},"end":{"line":188,"column":5}}],"line":183},"21":{"loc":{"start":{"line":183,"column":8},"end":{"line":183,"column":50}},"type":"binary-expr","locations":[{"start":{"line":183,"column":8},"end":{"line":183,"column":27}},{"start":{"line":183,"column":31},"end":{"line":183,"column":50}}],"line":183},"22":{"loc":{"start":{"line":206,"column":11},"end":{"line":206,"column":67}},"type":"binary-expr","locations":[{"start":{"line":206,"column":11},"end":{"line":206,"column":26}},{"start":{"line":206,"column":30},"end":{"line":206,"column":50}},{"start":{"line":206,"column":54},"end":{"line":206,"column":67}}],"line":206},"23":{"loc":{"start":{"line":210,"column":6},"end":{"line":214,"column":7}},"type":"if","locations":[{"start":{"line":210,"column":6},"end":{"line":214,"column":7}},{"start":{"line":210,"column":6},"end":{"line":214,"column":7}}],"line":210},"24":{"loc":{"start":{"line":215,"column":6},"end":{"line":218,"column":7}},"type":"if","locations":[{"start":{"line":215,"column":6},"end":{"line":218,"column":7}},{"start":{"line":215,"column":6},"end":{"line":218,"column":7}}],"line":215},"25":{"loc":{"start":{"line":222,"column":4},"end":{"line":243,"column":5}},"type":"if","locations":[{"start":{"line":222,"column":4},"end":{"line":243,"column":5}},{"start":{"line":222,"column":4},"end":{"line":243,"column":5}}],"line":222},"26":{"loc":{"start":{"line":223,"column":6},"end":{"line":242,"column":7}},"type":"if","locations":[{"start":{"line":223,"column":6},"end":{"line":242,"column":7}},{"start":{"line":223,"column":6},"end":{"line":242,"column":7}}],"line":223},"27":{"loc":{"start":{"line":231,"column":8},"end":{"line":234,"column":9}},"type":"if","locations":[{"start":{"line":231,"column":8},"end":{"line":234,"column":9}},{"start":{"line":231,"column":8},"end":{"line":234,"column":9}}],"line":231},"28":{"loc":{"start":{"line":235,"column":8},"end":{"line":241,"column":9}},"type":"if","locations":[{"start":{"line":235,"column":8},"end":{"line":241,"column":9}},{"start":{"line":235,"column":8},"end":{"line":241,"column":9}}],"line":235},"29":{"loc":{"start":{"line":247,"column":2},"end":{"line":249,"column":3}},"type":"if","locations":[{"start":{"line":247,"column":2},"end":{"line":249,"column":3}},{"start":{"line":247,"column":2},"end":{"line":249,"column":3}}],"line":247},"30":{"loc":{"start":{"line":277,"column":2},"end":{"line":284,"column":3}},"type":"if","locations":[{"start":{"line":277,"column":2},"end":{"line":284,"column":3}},{"start":{"line":277,"column":2},"end":{"line":284,"column":3}}],"line":277},"31":{"loc":{"start":{"line":294,"column":4},"end":{"line":320,"column":5}},"type":"if","locations":[{"start":{"line":294,"column":4},"end":{"line":320,"column":5}},{"start":{"line":294,"column":4},"end":{"line":320,"column":5}}],"line":294},"32":{"loc":{"start":{"line":295,"column":6},"end":{"line":296,"column":44}},"type":"binary-expr","locations":[{"start":{"line":295,"column":6},"end":{"line":295,"column":48}},{"start":{"line":296,"column":6},"end":{"line":296,"column":44}}],"line":295},"33":{"loc":{"start":{"line":300,"column":6},"end":{"line":319,"column":7}},"type":"if","locations":[{"start":{"line":300,"column":6},"end":{"line":319,"column":7}},{"start":{"line":300,"column":6},"end":{"line":319,"column":7}}],"line":300},"34":{"loc":{"start":{"line":301,"column":8},"end":{"line":302,"column":50}},"type":"binary-expr","locations":[{"start":{"line":301,"column":8},"end":{"line":301,"column":46}},{"start":{"line":302,"column":8},"end":{"line":302,"column":50}}],"line":301},"35":{"loc":{"start":{"line":306,"column":8},"end":{"line":318,"column":9}},"type":"if","locations":[{"start":{"line":306,"column":8},"end":{"line":318,"column":9}},{"start":{"line":306,"column":8},"end":{"line":318,"column":9}}],"line":306},"36":{"loc":{"start":{"line":307,"column":10},"end":{"line":308,"column":52}},"type":"binary-expr","locations":[{"start":{"line":307,"column":10},"end":{"line":307,"column":52}},{"start":{"line":308,"column":10},"end":{"line":308,"column":52}}],"line":307},"37":{"loc":{"start":{"line":312,"column":10},"end":{"line":317,"column":11}},"type":"if","locations":[{"start":{"line":312,"column":10},"end":{"line":317,"column":11}},{"start":{"line":312,"column":10},"end":{"line":317,"column":11}}],"line":312},"38":{"loc":{"start":{"line":313,"column":12},"end":{"line":314,"column":54}},"type":"binary-expr","locations":[{"start":{"line":313,"column":12},"end":{"line":313,"column":54}},{"start":{"line":314,"column":12},"end":{"line":314,"column":54}}],"line":313},"39":{"loc":{"start":{"line":322,"column":4},"end":{"line":341,"column":5}},"type":"if","locations":[{"start":{"line":322,"column":4},"end":{"line":341,"column":5}},{"start":{"line":322,"column":4},"end":{"line":341,"column":5}}],"line":322},"40":{"loc":{"start":{"line":323,"column":6},"end":{"line":328,"column":48}},"type":"binary-expr","locations":[{"start":{"line":323,"column":6},"end":{"line":323,"column":29}},{"start":{"line":324,"column":6},"end":{"line":324,"column":29}},{"start":{"line":325,"column":6},"end":{"line":325,"column":44}},{"start":{"line":326,"column":6},"end":{"line":326,"column":44}},{"start":{"line":327,"column":7},"end":{"line":327,"column":46}},{"start":{"line":328,"column":8},"end":{"line":328,"column":47}}],"line":323}},"s":{"0":2,"1":2,"2":4,"3":4,"4":4,"5":4,"6":4,"7":4,"8":3,"9":3,"10":90,"11":90,"12":3,"13":90,"14":3,"15":3,"16":3,"17":0,"18":4,"19":4,"20":0,"21":0,"22":4,"23":4,"24":108,"25":4,"26":4,"27":108,"28":72,"29":4,"30":4,"31":4,"32":3,"33":4,"34":4,"35":0,"36":0,"37":0,"38":0,"39":4,"40":4,"41":4,"42":4,"43":4,"44":4,"45":108,"46":18,"47":108,"48":19,"49":4,"50":4,"51":4,"52":4,"53":4,"54":4,"55":4,"56":4,"57":4,"58":4,"59":4,"60":4,"61":100,"62":100,"63":12,"64":12,"65":12,"66":12,"67":100,"68":12,"69":12,"70":0,"71":0,"72":100,"73":4,"74":4,"75":4,"76":4,"77":4,"78":4,"79":4,"80":4,"81":4,"82":4,"83":4,"84":4,"85":4,"86":4,"87":4,"88":4,"89":4,"90":4,"91":7,"92":7,"93":7,"94":0,"95":7,"96":4,"97":4,"98":7,"99":4,"100":4,"101":4,"102":4,"103":0,"104":0,"105":4,"106":0,"107":0,"108":0,"109":4,"110":4,"111":2,"112":4,"113":4,"114":4,"115":4,"116":0,"117":4,"118":3,"119":3,"120":3,"121":3,"122":3,"123":93,"124":3,"125":3,"126":3,"127":3,"128":93,"129":3,"130":291,"131":3,"132":3,"133":0,"134":3,"135":2,"136":2,"137":2,"138":2,"139":1,"140":1,"141":0,"142":1,"143":0,"144":1,"145":0,"146":2,"147":1,"148":1,"149":1,"150":1,"151":1,"152":1,"153":2},"f":{"0":4,"1":0,"2":3,"3":291,"4":2},"b":{"0":[3,1],"1":[3,87],"2":[3,87],"3":[3,0],"4":[0,4],"5":[72,36],"6":[4,0],"7":[3,1],"8":[0,0],"9":[18,90],"10":[19,89],"11":[100,0],"12":[12,88],"13":[100,19,89,61],"14":[12,0],"15":[12,12],"16":[12,88],"17":[100,81,89,21],"18":[0,12],"19":[12,0],"20":[4,96],"21":[100,23],"22":[11,7,7],"23":[7,0],"24":[4,3],"25":[4,0],"26":[4,0],"27":[0,4],"28":[0,4],"29":[2,2],"30":[3,0],"31":[1,1],"32":[2,2],"33":[0,1],"34":[1,0],"35":[0,1],"36":[1,1],"37":[0,1],"38":[1,0],"39":[1,1],"40":[2,2,2,2,2,1]},"_coverageSchema":"1a1c01bbd47fc00a2c39e90264f33305004495a9","hash":"afd50645c39a89db4d1e1db06a61024f20185317"}
,"/Users/lpatiny/git/mljs/global-spectral-deconvolution/dist/src/gsd.js": {"path":"/Users/lpatiny/git/mljs/global-spectral-deconvolution/dist/src/gsd.js","statementMap":{"0":{"start":{"line":3,"column":11},"end":{"line":3,"column":51}},"1":{"start":{"line":5,"column":23},"end":{"line":18,"column":1}},"2":{"start":{"line":42,"column":2},"end":{"line":42,"column":55}},"3":{"start":{"line":43,"column":18},"end":{"line":43,"column":35}},"4":{"start":{"line":44,"column":12},"end":{"line":44,"column":23}},"5":{"start":{"line":46,"column":14},"end":{"line":46,"column":15}},"6":{"start":{"line":47,"column":14},"end":{"line":47,"column":30}},"7":{"start":{"line":48,"column":2},"end":{"line":67,"column":3}},"8":{"start":{"line":52,"column":4},"end":{"line":60,"column":5}},"9":{"start":{"line":52,"column":17},"end":{"line":52,"column":18}},"10":{"start":{"line":53,"column":6},"end":{"line":53,"column":38}},"11":{"start":{"line":54,"column":6},"end":{"line":56,"column":7}},"12":{"start":{"line":55,"column":8},"end":{"line":55,"column":20}},"13":{"start":{"line":57,"column":6},"end":{"line":59,"column":7}},"14":{"start":{"line":58,"column":8},"end":{"line":58,"column":20}},"15":{"start":{"line":62,"column":4},"end":{"line":66,"column":5}},"16":{"start":{"line":63,"column":6},"end":{"line":63,"column":44}},"17":{"start":{"line":65,"column":6},"end":{"line":65,"column":29}},"18":{"start":{"line":68,"column":22},"end":{"line":68,"column":53}},"19":{"start":{"line":69,"column":2},"end":{"line":72,"column":3}},"20":{"start":{"line":70,"column":4},"end":{"line":70,"column":23}},"21":{"start":{"line":71,"column":4},"end":{"line":71,"column":24}},"22":{"start":{"line":74,"column":2},"end":{"line":76,"column":3}},"23":{"start":{"line":74,"column":15},"end":{"line":74,"column":16}},"24":{"start":{"line":75,"column":4},"end":{"line":75,"column":48}},"25":{"start":{"line":78,"column":2},"end":{"line":82,"column":3}},"26":{"start":{"line":78,"column":15},"end":{"line":78,"column":16}},"27":{"start":{"line":79,"column":4},"end":{"line":81,"column":5}},"28":{"start":{"line":80,"column":6},"end":{"line":80,"column":15}},"29":{"start":{"line":84,"column":10},"end":{"line":84,"column":11}},"30":{"start":{"line":86,"column":2},"end":{"line":122,"column":3}},"31":{"start":{"line":87,"column":4},"end":{"line":93,"column":5}},"32":{"start":{"line":88,"column":6},"end":{"line":92,"column":9}},"33":{"start":{"line":94,"column":4},"end":{"line":98,"column":7}},"34":{"start":{"line":99,"column":4},"end":{"line":103,"column":7}},"35":{"start":{"line":105,"column":4},"end":{"line":111,"column":5}},"36":{"start":{"line":106,"column":6},"end":{"line":110,"column":9}},"37":{"start":{"line":112,"column":4},"end":{"line":116,"column":7}},"38":{"start":{"line":117,"column":4},"end":{"line":121,"column":7}},"39":{"start":{"line":124,"column":12},"end":{"line":124,"column":13}},"40":{"start":{"line":125,"column":13},"end":{"line":125,"column":24}},"41":{"start":{"line":126,"column":15},"end":{"line":126,"column":16}},"42":{"start":{"line":127,"column":13},"end":{"line":127,"column":14}},"43":{"start":{"line":128,"column":2},"end":{"line":135,"column":3}},"44":{"start":{"line":128,"column":15},"end":{"line":128,"column":16}},"45":{"start":{"line":129,"column":4},"end":{"line":131,"column":5}},"46":{"start":{"line":130,"column":6},"end":{"line":130,"column":32}},"47":{"start":{"line":132,"column":4},"end":{"line":134,"column":5}},"48":{"start":{"line":133,"column":6},"end":{"line":133,"column":28}},"49":{"start":{"line":137,"column":16},"end":{"line":137,"column":20}},"50":{"start":{"line":138,"column":16},"end":{"line":138,"column":20}},"51":{"start":{"line":139,"column":15},"end":{"line":139,"column":38}},"52":{"start":{"line":140,"column":18},"end":{"line":140,"column":37}},"53":{"start":{"line":141,"column":18},"end":{"line":141,"column":37}},"54":{"start":{"line":142,"column":18},"end":{"line":142,"column":41}},"55":{"start":{"line":143,"column":18},"end":{"line":143,"column":19}},"56":{"start":{"line":144,"column":21},"end":{"line":144,"column":22}},"57":{"start":{"line":145,"column":21},"end":{"line":145,"column":22}},"58":{"start":{"line":146,"column":21},"end":{"line":146,"column":22}},"59":{"start":{"line":148,"column":2},"end":{"line":189,"column":3}},"60":{"start":{"line":148,"column":15},"end":{"line":148,"column":16}},"61":{"start":{"line":150,"column":4},"end":{"line":180,"column":5}},"62":{"start":{"line":152,"column":6},"end":{"line":164,"column":7}},"63":{"start":{"line":156,"column":8},"end":{"line":159,"column":10}},"64":{"start":{"line":160,"column":8},"end":{"line":163,"column":9}},"65":{"start":{"line":161,"column":10},"end":{"line":161,"column":46}},"66":{"start":{"line":162,"column":10},"end":{"line":162,"column":46}},"67":{"start":{"line":167,"column":6},"end":{"line":179,"column":7}},"68":{"start":{"line":171,"column":8},"end":{"line":174,"column":10}},"69":{"start":{"line":175,"column":8},"end":{"line":178,"column":9}},"70":{"start":{"line":176,"column":10},"end":{"line":176,"column":46}},"71":{"start":{"line":177,"column":10},"end":{"line":177,"column":46}},"72":{"start":{"line":183,"column":4},"end":{"line":188,"column":5}},"73":{"start":{"line":185,"column":6},"end":{"line":185,"column":30}},"74":{"start":{"line":186,"column":6},"end":{"line":187,"column":56}},"75":{"start":{"line":190,"column":2},"end":{"line":190,"column":28}},"76":{"start":{"line":191,"column":2},"end":{"line":191,"column":34}},"77":{"start":{"line":192,"column":2},"end":{"line":192,"column":34}},"78":{"start":{"line":193,"column":2},"end":{"line":193,"column":34}},"79":{"start":{"line":195,"column":16},"end":{"line":195,"column":40}},"80":{"start":{"line":196,"column":19},"end":{"line":196,"column":20}},"81":{"start":{"line":197,"column":14},"end":{"line":197,"column":16}},"82":{"start":{"line":199,"column":2},"end":{"line":244,"column":3}},"83":{"start":{"line":199,"column":15},"end":{"line":199,"column":16}},"84":{"start":{"line":200,"column":4},"end":{"line":200,"column":29}},"85":{"start":{"line":201,"column":4},"end":{"line":201,"column":18}},"86":{"start":{"line":202,"column":12},"end":{"line":202,"column":21}},"87":{"start":{"line":203,"column":4},"end":{"line":203,"column":35}},"88":{"start":{"line":204,"column":4},"end":{"line":204,"column":18}},"89":{"start":{"line":205,"column":4},"end":{"line":205,"column":25}},"90":{"start":{"line":206,"column":4},"end":{"line":220,"column":5}},"91":{"start":{"line":207,"column":6},"end":{"line":207,"column":78}},"92":{"start":{"line":210,"column":6},"end":{"line":214,"column":7}},"93":{"start":{"line":211,"column":8},"end":{"line":211,"column":32}},"94":{"start":{"line":213,"column":8},"end":{"line":213,"column":30}},"95":{"start":{"line":215,"column":6},"end":{"line":218,"column":7}},"96":{"start":{"line":216,"column":8},"end":{"line":216,"column":21}},"97":{"start":{"line":217,"column":8},"end":{"line":217,"column":18}},"98":{"start":{"line":219,"column":6},"end":{"line":219,"column":10}},"99":{"start":{"line":222,"column":4},"end":{"line":243,"column":5}},"100":{"start":{"line":223,"column":6},"end":{"line":242,"column":7}},"101":{"start":{"line":224,"column":8},"end":{"line":230,"column":10}},"102":{"start":{"line":231,"column":8},"end":{"line":234,"column":9}},"103":{"start":{"line":232,"column":10},"end":{"line":232,"column":61}},"104":{"start":{"line":233,"column":10},"end":{"line":233,"column":62}},"105":{"start":{"line":235,"column":8},"end":{"line":241,"column":9}},"106":{"start":{"line":236,"column":22},"end":{"line":236,"column":50}},"107":{"start":{"line":237,"column":23},"end":{"line":237,"column":51}},"108":{"start":{"line":238,"column":10},"end":{"line":240,"column":63}},"109":{"start":{"line":245,"column":2},"end":{"line":245,"column":30}},"110":{"start":{"line":247,"column":2},"end":{"line":249,"column":3}},"111":{"start":{"line":248,"column":4},"end":{"line":248,"column":36}},"112":{"start":{"line":252,"column":2},"end":{"line":254,"column":3}},"113":{"start":{"line":252,"column":15},"end":{"line":252,"column":16}},"114":{"start":{"line":253,"column":4},"end":{"line":253,"column":41}},"115":{"start":{"line":256,"column":2},"end":{"line":258,"column":5}},"116":{"start":{"line":257,"column":4},"end":{"line":257,"column":21}},"117":{"start":{"line":260,"column":2},"end":{"line":260,"column":17}},"118":{"start":{"line":264,"column":13},"end":{"line":264,"column":14}},"119":{"start":{"line":266,"column":15},"end":{"line":266,"column":16}},"120":{"start":{"line":267,"column":15},"end":{"line":267,"column":23}},"121":{"start":{"line":268,"column":2},"end":{"line":270,"column":3}},"122":{"start":{"line":268,"column":15},"end":{"line":268,"column":16}},"123":{"start":{"line":269,"column":4},"end":{"line":269,"column":17}},"124":{"start":{"line":271,"column":2},"end":{"line":271,"column":17}},"125":{"start":{"line":272,"column":26},"end":{"line":272,"column":43}},"126":{"start":{"line":273,"column":2},"end":{"line":275,"column":3}},"127":{"start":{"line":273,"column":15},"end":{"line":273,"column":16}},"128":{"start":{"line":274,"column":4},"end":{"line":274,"column":49}},"129":{"start":{"line":276,"column":2},"end":{"line":276,"column":42}},"130":{"start":{"line":276,"column":35},"end":{"line":276,"column":40}},"131":{"start":{"line":277,"column":2},"end":{"line":284,"column":3}},"132":{"start":{"line":278,"column":4},"end":{"line":278,"column":58}},"133":{"start":{"line":280,"column":4},"end":{"line":283,"column":13}},"134":{"start":{"line":286,"column":2},"end":{"line":286,"column":16}},"135":{"start":{"line":291,"column":2},"end":{"line":342,"column":3}},"136":{"start":{"line":291,"column":15},"end":{"line":291,"column":16}},"137":{"start":{"line":292,"column":4},"end":{"line":292,"column":37}},"138":{"start":{"line":294,"column":4},"end":{"line":320,"column":5}},"139":{"start":{"line":298,"column":6},"end":{"line":298,"column":21}},"140":{"start":{"line":300,"column":6},"end":{"line":319,"column":7}},"141":{"start":{"line":304,"column":8},"end":{"line":304,"column":23}},"142":{"start":{"line":306,"column":8},"end":{"line":318,"column":9}},"143":{"start":{"line":310,"column":10},"end":{"line":310,"column":28}},"144":{"start":{"line":312,"column":10},"end":{"line":317,"column":11}},"145":{"start":{"line":316,"column":12},"end":{"line":316,"column":30}},"146":{"start":{"line":322,"column":4},"end":{"line":341,"column":5}},"147":{"start":{"line":330,"column":6},"end":{"line":330,"column":51}},"148":{"start":{"line":331,"column":6},"end":{"line":331,"column":46}},"149":{"start":{"line":332,"column":6},"end":{"line":332,"column":51}},"150":{"start":{"line":333,"column":6},"end":{"line":333,"column":63}},"151":{"start":{"line":336,"column":6},"end":{"line":337,"column":70}},"152":{"start":{"line":338,"column":6},"end":{"line":340,"column":63}},"153":{"start":{"line":345,"column":0},"end":{"line":345,"column":21}}},"fnMap":{"0":{"name":"gsd","decl":{"start":{"line":41,"column":9},"end":{"line":41,"column":12}},"loc":{"start":{"line":41,"column":30},"end":{"line":261,"column":1}},"line":41},"1":{"name":"(anonymous_1)","decl":{"start":{"line":256,"column":15},"end":{"line":256,"column":16}},"loc":{"start":{"line":256,"column":30},"end":{"line":258,"column":3}},"line":256},"2":{"name":"getNoiseLevel","decl":{"start":{"line":263,"column":9},"end":{"line":263,"column":22}},"loc":{"start":{"line":263,"column":26},"end":{"line":287,"column":1}},"line":263},"3":{"name":"(anonymous_3)","decl":{"start":{"line":276,"column":25},"end":{"line":276,"column":26}},"loc":{"start":{"line":276,"column":35},"end":{"line":276,"column":40}},"line":276},"4":{"name":"realTopDetection","decl":{"start":{"line":289,"column":9},"end":{"line":289,"column":25}},"loc":{"start":{"line":289,"column":42},"end":{"line":343,"column":1}},"line":289}},"branchMap":{"0":{"loc":{"start":{"line":48,"column":2},"end":{"line":67,"column":3}},"type":"if","locations":[{"start":{"line":48,"column":2},"end":{"line":67,"column":3}},{"start":{"line":48,"column":2},"end":{"line":67,"column":3}}],"line":48},"1":{"loc":{"start":{"line":54,"column":6},"end":{"line":56,"column":7}},"type":"if","locations":[{"start":{"line":54,"column":6},"end":{"line":56,"column":7}},{"start":{"line":54,"column":6},"end":{"line":56,"column":7}}],"line":54},"2":{"loc":{"start":{"line":57,"column":6},"end":{"line":59,"column":7}},"type":"if","locations":[{"start":{"line":57,"column":6},"end":{"line":59,"column":7}},{"start":{"line":57,"column":6},"end":{"line":59,"column":7}}],"line":57},"3":{"loc":{"start":{"line":62,"column":4},"end":{"line":66,"column":5}},"type":"if","locations":[{"start":{"line":62,"column":4},"end":{"line":66,"column":5}},{"start":{"line":62,"column":4},"end":{"line":66,"column":5}}],"line":62},"4":{"loc":{"start":{"line":69,"column":2},"end":{"line":72,"column":3}},"type":"if","locations":[{"start":{"line":69,"column":2},"end":{"line":72,"column":3}},{"start":{"line":69,"column":2},"end":{"line":72,"column":3}}],"line":69},"5":{"loc":{"start":{"line":79,"column":4},"end":{"line":81,"column":5}},"type":"if","locations":[{"start":{"line":79,"column":4},"end":{"line":81,"column":5}},{"start":{"line":79,"column":4},"end":{"line":81,"column":5}}],"line":79},"6":{"loc":{"start":{"line":86,"column":2},"end":{"line":122,"column":3}},"type":"if","locations":[{"start":{"line":86,"column":2},"end":{"line":122,"column":3}},{"start":{"line":86,"column":2},"end":{"line":122,"column":3}}],"line":86},"7":{"loc":{"start":{"line":87,"column":4},"end":{"line":93,"column":5}},"type":"if","locations":[{"start":{"line":87,"column":4},"end":{"line":93,"column":5}},{"start":{"line":87,"column":4},"end":{"line":93,"column":5}}],"line":87},"8":{"loc":{"start":{"line":105,"column":4},"end":{"line":111,"column":5}},"type":"if","locations":[{"start":{"line":105,"column":4},"end":{"line":111,"column":5}},{"start":{"line":105,"column":4},"end":{"line":111,"column":5}}],"line":105},"9":{"loc":{"start":{"line":129,"column":4},"end":{"line":131,"column":5}},"type":"if","locations":[{"start":{"line":129,"column":4},"end":{"line":131,"column":5}},{"start":{"line":129,"column":4},"end":{"line":131,"column":5}}],"line":129},"10":{"loc":{"start":{"line":132,"column":4},"end":{"line":134,"column":5}},"type":"if","locations":[{"start":{"line":132,"column":4},"end":{"line":134,"column":5}},{"start":{"line":132,"column":4},"end":{"line":134,"column":5}}],"line":132},"11":{"loc":{"start":{"line":150,"column":4},"end":{"line":180,"column":5}},"type":"if","locations":[{"start":{"line":150,"column":4},"end":{"line":180,"column":5}},{"start":{"line":150,"column":4},"end":{"line":180,"column":5}}],"line":150},"12":{"loc":{"start":{"line":152,"column":6},"end":{"line":164,"column":7}},"type":"if","locations":[{"start":{"line":152,"column":6},"end":{"line":164,"column":7}},{"start":{"line":152,"column":6},"end":{"line":164,"column":7}}],"line":152},"13":{"loc":{"start":{"line":153,"column":8},"end":{"line":154,"column":49}},"type":"binary-expr","locations":[{"start":{"line":153,"column":9},"end":{"line":153,"column":26}},{"start":{"line":153,"column":30},"end":{"line":153,"column":48}},{"start":{"line":154,"column":9},"end":{"line":154,"column":27}},{"start":{"line":154,"column":31},"end":{"line":154,"column":48}}],"line":153},"14":{"loc":{"start":{"line":160,"column":8},"end":{"line":163,"column":9}},"type":"if","locations":[{"start":{"line":160,"column":8},"end":{"line":163,"column":9}},{"start":{"line":160,"column":8},"end":{"line":163,"column":9}}],"line":160},"15":{"loc":{"start":{"line":160,"column":12},"end":{"line":160,"column":38}},"type":"binary-expr","locations":[{"start":{"line":160,"column":12},"end":{"line":160,"column":18}},{"start":{"line":160,"column":22},"end":{"line":160,"column":38}}],"line":160},"16":{"loc":{"start":{"line":167,"column":6},"end":{"line":179,"column":7}},"type":"if","locations":[{"start":{"line":167,"column":6},"end":{"line":179,"column":7}},{"start":{"line":167,"column":6},"end":{"line":179,"column":7}}],"line":167},"17":{"loc":{"start":{"line":168,"column":8},"end":{"line":169,"column":49}},"type":"binary-expr","locations":[{"start":{"line":168,"column":9},"end":{"line":168,"column":27}},{"start":{"line":168,"column":31},"end":{"line":168,"column":48}},{"start":{"line":169,"column":9},"end":{"line":169,"column":26}},{"start":{"line":169,"column":30},"end":{"line":169,"column":48}}],"line":168},"18":{"loc":{"start":{"line":175,"column":8},"end":{"line":178,"column":9}},"type":"if","locations":[{"start":{"line":175,"column":8},"end":{"line":178,"column":9}},{"start":{"line":175,"column":8},"end":{"line":178,"column":9}}],"line":175},"19":{"loc":{"start":{"line":175,"column":12},"end":{"line":175,"column":38}},"type":"binary-expr","locations":[{"start":{"line":175,"column":12},"end":{"line":175,"column":18}},{"start":{"line":175,"column":22},"end":{"line":175,"column":38}}],"line":175},"20":{"loc":{"start":{"line":183,"column":4},"end":{"line":188,"column":5}},"type":"if","locations":[{"start":{"line":183,"column":4},"end":{"line":188,"column":5}},{"start":{"line":183,"column":4},"end":{"line":188,"column":5}}],"line":183},"21":{"loc":{"start":{"line":183,"column":8},"end":{"line":183,"column":50}},"type":"binary-expr","locations":[{"start":{"line":183,"column":8},"end":{"line":183,"column":27}},{"start":{"line":183,"column":31},"end":{"line":183,"column":50}}],"line":183},"22":{"loc":{"start":{"line":206,"column":11},"end":{"line":206,"column":67}},"type":"binary-expr","locations":[{"start":{"line":206,"column":11},"end":{"line":206,"column":26}},{"start":{"line":206,"column":30},"end":{"line":206,"column":50}},{"start":{"line":206,"column":54},"end":{"line":206,"column":67}}],"line":206},"23":{"loc":{"start":{"line":210,"column":6},"end":{"line":214,"column":7}},"type":"if","locations":[{"start":{"line":210,"column":6},"end":{"line":214,"column":7}},{"start":{"line":210,"column":6},"end":{"line":214,"column":7}}],"line":210},"24":{"loc":{"start":{"line":215,"column":6},"end":{"line":218,"column":7}},"type":"if","locations":[{"start":{"line":215,"column":6},"end":{"line":218,"column":7}},{"start":{"line":215,"column":6},"end":{"line":218,"column":7}}],"line":215},"25":{"loc":{"start":{"line":222,"column":4},"end":{"line":243,"column":5}},"type":"if","locations":[{"start":{"line":222,"column":4},"end":{"line":243,"column":5}},{"start":{"line":222,"column":4},"end":{"line":243,"column":5}}],"line":222},"26":{"loc":{"start":{"line":223,"column":6},"end":{"line":242,"column":7}},"type":"if","locations":[{"start":{"line":223,"column":6},"end":{"line":242,"column":7}},{"start":{"line":223,"column":6},"end":{"line":242,"column":7}}],"line":223},"27":{"loc":{"start":{"line":231,"column":8},"end":{"line":234,"column":9}},"type":"if","locations":[{"start":{"line":231,"column":8},"end":{"line":234,"column":9}},{"start":{"line":231,"column":8},"end":{"line":234,"column":9}}],"line":231},"28":{"loc":{"start":{"line":235,"column":8},"end":{"line":241,"column":9}},"type":"if","locations":[{"start":{"line":235,"column":8},"end":{"line":241,"column":9}},{"start":{"line":235,"column":8},"end":{"line":241,"column":9}}],"line":235},"29":{"loc":{"start":{"line":247,"column":2},"end":{"line":249,"column":3}},"type":"if","locations":[{"start":{"line":247,"column":2},"end":{"line":249,"column":3}},{"start":{"line":247,"column":2},"end":{"line":249,"column":3}}],"line":247},"30":{"loc":{"start":{"line":277,"column":2},"end":{"line":284,"column":3}},"type":"if","locations":[{"start":{"line":277,"column":2},"end":{"line":284,"column":3}},{"start":{"line":277,"column":2},"end":{"line":284,"column":3}}],"line":277},"31":{"loc":{"start":{"line":294,"column":4},"end":{"line":320,"column":5}},"type":"if","locations":[{"start":{"line":294,"column":4},"end":{"line":320,"column":5}},{"start":{"line":294,"column":4},"end":{"line":320,"column":5}}],"line":294},"32":{"loc":{"start":{"line":295,"column":6},"end":{"line":296,"column":44}},"type":"binary-expr","locations":[{"start":{"line":295,"column":6},"end":{"line":295,"column":48}},{"start":{"line":296,"column":6},"end":{"line":296,"column":44}}],"line":295},"33":{"loc":{"start":{"line":300,"column":6},"end":{"line":319,"column":7}},"type":"if","locations":[{"start":{"line":300,"column":6},"end":{"line":319,"column":7}},{"start":{"line":300,"column":6},"end":{"line":319,"column":7}}],"line":300},"34":{"loc":{"start":{"line":301,"column":8},"end":{"line":302,"column":50}},"type":"binary-expr","locations":[{"start":{"line":301,"column":8},"end":{"line":301,"column":46}},{"start":{"line":302,"column":8},"end":{"line":302,"column":50}}],"line":301},"35":{"loc":{"start":{"line":306,"column":8},"end":{"line":318,"column":9}},"type":"if","locations":[{"start":{"line":306,"column":8},"end":{"line":318,"column":9}},{"start":{"line":306,"column":8},"end":{"line":318,"column":9}}],"line":306},"36":{"loc":{"start":{"line":307,"column":10},"end":{"line":308,"column":52}},"type":"binary-expr","locations":[{"start":{"line":307,"column":10},"end":{"line":307,"column":52}},{"start":{"line":308,"column":10},"end":{"line":308,"column":52}}],"line":307},"37":{"loc":{"start":{"line":312,"column":10},"end":{"line":317,"column":11}},"type":"if","locations":[{"start":{"line":312,"column":10},"end":{"line":317,"column":11}},{"start":{"line":312,"column":10},"end":{"line":317,"column":11}}],"line":312},"38":{"loc":{"start":{"line":313,"column":12},"end":{"line":314,"column":54}},"type":"binary-expr","locations":[{"start":{"line":313,"column":12},"end":{"line":313,"column":54}},{"start":{"line":314,"column":12},"end":{"line":314,"column":54}}],"line":313},"39":{"loc":{"start":{"line":322,"column":4},"end":{"line":341,"column":5}},"type":"if","locations":[{"start":{"line":322,"column":4},"end":{"line":341,"column":5}},{"start":{"line":322,"column":4},"end":{"line":341,"column":5}}],"line":322},"40":{"loc":{"start":{"line":323,"column":6},"end":{"line":328,"column":48}},"type":"binary-expr","locations":[{"start":{"line":323,"column":6},"end":{"line":323,"column":29}},{"start":{"line":324,"column":6},"end":{"line":324,"column":29}},{"start":{"line":325,"column":6},"end":{"line":325,"column":44}},{"start":{"line":326,"column":6},"end":{"line":326,"column":44}},{"start":{"line":327,"column":7},"end":{"line":327,"column":46}},{"start":{"line":328,"column":8},"end":{"line":328,"column":47}}],"line":323}},"s":{"0":10,"1":10,"2":13,"3":13,"4":13,"5":12,"6":12,"7":12,"8":6,"9":6,"10":19545,"11":19545,"12":13,"13":19545,"14":12,"15":6,"16":5,"17":1,"18":12,"19":12,"20":1,"21":1,"22":12,"23":12,"24":256181,"25":12,"26":12,"27":256181,"28":214354,"29":12,"30":12,"31":11,"32":6,"33":11,"34":11,"35":1,"36":0,"37":1,"38":1,"39":12,"40":12,"41":12,"42":12,"43":12,"44":12,"45":256181,"46":179,"47":256181,"48":583,"49":12,"50":12,"51":12,"52":12,"53":12,"54":12,"55":12,"56":12,"57":12,"58":12,"59":12,"60":12,"61":256157,"62":256157,"63":12780,"64":12780,"65":177,"66":177,"67":256157,"68":12781,"69":12781,"70":12602,"71":12602,"72":256157,"73":8207,"74":8207,"75":12,"76":12,"77":12,"78":12,"79":12,"80":12,"81":12,"82":12,"83":12,"84":8207,"85":8207,"86":8207,"87":8207,"88":8207,"89":8207,"90":8207,"91":16136,"92":16136,"93":14701,"94":1435,"95":16136,"96":6773,"97":6773,"98":16136,"99":8207,"100":6773,"101":395,"102":395,"103":0,"104":0,"105":395,"106":0,"107":0,"108":0,"109":12,"110":12,"111":5,"112":12,"113":12,"114":395,"115":12,"116":383,"117":12,"118":5,"119":5,"120":5,"121":5,"122":5,"123":17478,"124":5,"125":5,"126":5,"127":5,"128":17478,"129":5,"130":199680,"131":5,"132":4,"133":1,"134":5,"135":5,"136":5,"137":32,"138":32,"139":1,"140":31,"141":0,"142":31,"143":0,"144":31,"145":0,"146":32,"147":30,"148":30,"149":30,"150":30,"151":30,"152":30,"153":10},"f":{"0":13,"1":383,"2":5,"3":199680,"4":5},"b":{"0":[6,6],"1":[13,19532],"2":[12,19533],"3":[5,1],"4":[1,11],"5":[214354,41827],"6":[11,1],"7":[6,5],"8":[0,1],"9":[179,256002],"10":[583,255598],"11":[256157,0],"12":[12780,243377],"13":[256157,42277,245618,199350],"14":[177,12603],"15":[12780,178],"16":[12781,243376],"17":[256157,213880,245618,35744],"18":[12602,179],"19":[12781,12603],"20":[8207,247950],"21":[256157,44367],"22":[24343,17570,17567],"23":[14701,1435],"24":[6773,9363],"25":[6773,1434],"26":[395,6378],"27":[0,395],"28":[0,395],"29":[5,7],"30":[4,1],"31":[1,31],"32":[32,31],"33":[0,31],"34":[31,0],"35":[0,31],"36":[31,30],"37":[0,31],"38":[31,0],"39":[30,2],"40":[32,32,32,31,31,1]},"_coverageSchema":"1a1c01bbd47fc00a2c39e90264f33305004495a9","hash":"cda680edea2f20013674c405f48bf169f0e2ff84"}
,"/Users/lpatiny/git/mljs/global-spectral-deconvolution/dist/src/index.js": {"path":"/Users/lpatiny/git/mljs/global-spectral-deconvolution/dist/src/index.js","statementMap":{"0":{"start":{"line":3,"column":0},"end":{"line":3,"column":38}},"1":{"start":{"line":5,"column":0},"end":{"line":9,"column":2}}},"fnMap":{},"branchMap":{},"s":{"0":8,"1":8},"f":{},"b":{},"_coverageSchema":"1a1c01bbd47fc00a2c39e90264f33305004495a9","hash":"79d425b657f68b1e921da891adce93210b412b43"}
,"/Users/lpatiny/git/mljs/global-spectral-deconvolution/dist/src/post/broadenPeaks.js": {"path":"/Users/lpatiny/git/mljs/global-spectral-deconvolution/dist/src/post/broadenPeaks.js","statementMap":{"0":{"start":{"line":12,"column":0},"end":{"line":35,"column":2}},"1":{"start":{"line":13,"column":42},"end":{"line":13,"column":49}},"2":{"start":{"line":15,"column":2},"end":{"line":18,"column":3}},"3":{"start":{"line":16,"column":4},"end":{"line":16,"column":51}},"4":{"start":{"line":17,"column":4},"end":{"line":17,"column":49}},"5":{"start":{"line":20,"column":2},"end":{"line":28,"column":3}},"6":{"start":{"line":21,"column":4},"end":{"line":27,"column":5}},"7":{"start":{"line":21,"column":17},"end":{"line":21,"column":18}},"8":{"start":{"line":22,"column":17},"end":{"line":22,"column":28}},"9":{"start":{"line":23,"column":21},"end":{"line":23,"column":36}},"10":{"start":{"line":24,"column":6},"end":{"line":26,"column":7}},"11":{"start":{"line":25,"column":8},"end":{"line":25,"column":64}},"12":{"start":{"line":30,"column":2},"end":{"line":32,"column":3}},"13":{"start":{"line":31,"column":4},"end":{"line":31,"column":37}},"14":{"start":{"line":34,"column":2},"end":{"line":34,"column":18}}},"fnMap":{"0":{"name":"broadenPeaks","decl":{"start":{"line":12,"column":26},"end":{"line":12,"column":38}},"loc":{"start":{"line":12,"column":63},"end":{"line":35,"column":1}},"line":12}},"branchMap":{"0":{"loc":{"start":{"line":12,"column":49},"end":{"line":12,"column":61}},"type":"default-arg","locations":[{"start":{"line":12,"column":59},"end":{"line":12,"column":61}}],"line":12},"1":{"loc":{"start":{"line":13,"column":10},"end":{"line":13,"column":20}},"type":"default-arg","locations":[{"start":{"line":13,"column":19},"end":{"line":13,"column":20}}],"line":13},"2":{"loc":{"start":{"line":13,"column":22},"end":{"line":13,"column":37}},"type":"default-arg","locations":[{"start":{"line":13,"column":32},"end":{"line":13,"column":37}}],"line":13},"3":{"loc":{"start":{"line":20,"column":2},"end":{"line":28,"column":3}},"type":"if","locations":[{"start":{"line":20,"column":2},"end":{"line":28,"column":3}},{"start":{"line":20,"column":2},"end":{"line":28,"column":3}}],"line":20},"4":{"loc":{"start":{"line":24,"column":6},"end":{"line":26,"column":7}},"type":"if","locations":[{"start":{"line":24,"column":6},"end":{"line":26,"column":7}},{"start":{"line":24,"column":6},"end":{"line":26,"column":7}}],"line":24}},"s":{"0":9,"1":5,"2":5,"3":15,"4":15,"5":5,"6":4,"7":4,"8":8,"9":8,"10":8,"11":4,"12":5,"13":15,"14":5},"f":{"0":5},"b":{"0":[1],"1":[2],"2":[4],"3":[4,1],"4":[4,4]},"_coverageSchema":"1a1c01bbd47fc00a2c39e90264f33305004495a9","hash":"351ccb263244ffb7addbdf743112f4cb92718fbb"}
,"/Users/lpatiny/git/mljs/global-spectral-deconvolution/dist/src/post/joinBroadPeaks.js": {"path":"/Users/lpatiny/git/mljs/global-spectral-deconvolution/dist/src/post/joinBroadPeaks.js","statementMap":{"0":{"start":{"line":3,"column":10},"end":{"line":3,"column":43}},"1":{"start":{"line":10,"column":0},"end":{"line":74,"column":2}},"2":{"start":{"line":11,"column":14},"end":{"line":11,"column":27}},"3":{"start":{"line":12,"column":19},"end":{"line":12,"column":21}},"4":{"start":{"line":14,"column":12},"end":{"line":14,"column":13}},"5":{"start":{"line":16,"column":13},"end":{"line":16,"column":14}},"6":{"start":{"line":18,"column":14},"end":{"line":18,"column":15}},"7":{"start":{"line":19,"column":2},"end":{"line":23,"column":3}},"8":{"start":{"line":19,"column":15},"end":{"line":19,"column":34}},"9":{"start":{"line":20,"column":4},"end":{"line":22,"column":5}},"10":{"start":{"line":21,"column":6},"end":{"line":21,"column":48}},"11":{"start":{"line":25,"column":2},"end":{"line":25,"column":43}},"12":{"start":{"line":27,"column":19},"end":{"line":27,"column":55}},"13":{"start":{"line":28,"column":16},"end":{"line":28,"column":19}},"14":{"start":{"line":30,"column":2},"end":{"line":67,"column":3}},"15":{"start":{"line":30,"column":15},"end":{"line":30,"column":16}},"16":{"start":{"line":32,"column":4},"end":{"line":66,"column":5}},"17":{"start":{"line":33,"column":6},"end":{"line":33,"column":58}},"18":{"start":{"line":34,"column":6},"end":{"line":37,"column":7}},"19":{"start":{"line":35,"column":8},"end":{"line":35,"column":30}},"20":{"start":{"line":36,"column":8},"end":{"line":36,"column":17}},"21":{"start":{"line":38,"column":6},"end":{"line":38,"column":22}},"22":{"start":{"line":39,"column":6},"end":{"line":39,"column":14}},"23":{"start":{"line":41,"column":6},"end":{"line":60,"column":7}},"24":{"start":{"line":42,"column":21},"end":{"line":48,"column":10}},"25":{"start":{"line":49,"column":8},"end":{"line":54,"column":11}},"26":{"start":{"line":57,"column":8},"end":{"line":59,"column":11}},"27":{"start":{"line":58,"column":10},"end":{"line":58,"column":43}},"28":{"start":{"line":61,"column":6},"end":{"line":61,"column":56}},"29":{"start":{"line":62,"column":6},"end":{"line":62,"column":20}},"30":{"start":{"line":63,"column":6},"end":{"line":63,"column":28}},"31":{"start":{"line":64,"column":6},"end":{"line":64,"column":15}},"32":{"start":{"line":65,"column":6},"end":{"line":65,"column":16}},"33":{"start":{"line":69,"column":2},"end":{"line":71,"column":5}},"34":{"start":{"line":70,"column":4},"end":{"line":70,"column":21}},"35":{"start":{"line":73,"column":2},"end":{"line":73,"column":18}}},"fnMap":{"0":{"name":"joinBroadPeaks","decl":{"start":{"line":10,"column":26},"end":{"line":10,"column":40}},"loc":{"start":{"line":10,"column":65},"end":{"line":74,"column":1}},"line":10},"1":{"name":"(anonymous_1)","decl":{"start":{"line":57,"column":24},"end":{"line":57,"column":25}},"loc":{"start":{"line":57,"column":35},"end":{"line":59,"column":9}},"line":57},"2":{"name":"(anonymous_2)","decl":{"start":{"line":69,"column":16},"end":{"line":69,"column":17}},"loc":{"start":{"line":69,"column":31},"end":{"line":71,"column":3}},"line":69}},"branchMap":{"0":{"loc":{"start":{"line":10,"column":51},"end":{"line":10,"column":63}},"type":"default-arg","locations":[{"start":{"line":10,"column":61},"end":{"line":10,"column":63}}],"line":10},"1":{"loc":{"start":{"line":20,"column":4},"end":{"line":22,"column":5}},"type":"if","locations":[{"start":{"line":20,"column":4},"end":{"line":22,"column":5}},{"start":{"line":20,"column":4},"end":{"line":22,"column":5}}],"line":20},"2":{"loc":{"start":{"line":32,"column":4},"end":{"line":66,"column":5}},"type":"if","locations":[{"start":{"line":32,"column":4},"end":{"line":66,"column":5}},{"start":{"line":32,"column":4},"end":{"line":66,"column":5}}],"line":32},"3":{"loc":{"start":{"line":34,"column":6},"end":{"line":37,"column":7}},"type":"if","locations":[{"start":{"line":34,"column":6},"end":{"line":37,"column":7}},{"start":{"line":34,"column":6},"end":{"line":37,"column":7}}],"line":34},"4":{"loc":{"start":{"line":41,"column":6},"end":{"line":60,"column":7}},"type":"if","locations":[{"start":{"line":41,"column":6},"end":{"line":60,"column":7}},{"start":{"line":41,"column":6},"end":{"line":60,"column":7}}],"line":41}},"s":{"0":8,"1":8,"2":2,"3":2,"4":2,"5":2,"6":2,"7":2,"8":2,"9":259,"10":158,"11":2,"12":2,"13":2,"14":2,"15":2,"16":158,"17":154,"18":154,"19":58,"20":58,"21":154,"22":154,"23":4,"24":4,"25":4,"26":0,"27":0,"28":4,"29":4,"30":4,"31":4,"32":4,"33":2,"34":148,"35":2},"f":{"0":2,"1":0,"2":148},"b":{"0":[0],"1":[158,101],"2":[154,4],"3":[58,96],"4":[4,0]},"_coverageSchema":"1a1c01bbd47fc00a2c39e90264f33305004495a9","hash":"3157eac52571d720b7c9ce626f714f48eeb60cbb"}
,"/Users/lpatiny/git/mljs/global-spectral-deconvolution/dist/src/post/optimizePeaks.js": {"path":"/Users/lpatiny/git/mljs/global-spectral-deconvolution/dist/src/post/optimizePeaks.js","statementMap":{"0":{"start":{"line":6,"column":15},"end":{"line":6,"column":48}},"1":{"start":{"line":9,"column":17},"end":{"line":9,"column":25}},"2":{"start":{"line":10,"column":16},"end":{"line":10,"column":18}},"3":{"start":{"line":11,"column":16},"end":{"line":11,"column":18}},"4":{"start":{"line":12,"column":18},"end":{"line":12,"column":40}},"5":{"start":{"line":13,"column":2},"end":{"line":15,"column":3}},"6":{"start":{"line":14,"column":4},"end":{"line":14,"column":32}},"7":{"start":{"line":17,"column":14},"end":{"line":17,"column":37}},"8":{"start":{"line":18,"column":12},"end":{"line":18,"column":27}},"9":{"start":{"line":19,"column":13},"end":{"line":19,"column":18}},"10":{"start":{"line":20,"column":14},"end":{"line":20,"column":26}},"11":{"start":{"line":21,"column":2},"end":{"line":37,"column":3}},"12":{"start":{"line":22,"column":4},"end":{"line":35,"column":5}},"13":{"start":{"line":23,"column":6},"end":{"line":23,"column":29}},"14":{"start":{"line":24,"column":6},"end":{"line":24,"column":29}},"15":{"start":{"line":25,"column":6},"end":{"line":25,"column":25}},"16":{"start":{"line":28,"column":6},"end":{"line":34,"column":7}},"17":{"start":{"line":30,"column":8},"end":{"line":30,"column":27}},"18":{"start":{"line":33,"column":8},"end":{"line":33,"column":20}},"19":{"start":{"line":38,"column":2},"end":{"line":38,"column":23}},"20":{"start":{"line":39,"column":2},"end":{"line":39,"column":28}},"21":{"start":{"line":42,"column":0},"end":{"line":133,"column":2}},"22":{"start":{"line":46,"column":18},"end":{"line":46,"column":21}},"23":{"start":{"line":47,"column":15},"end":{"line":47,"column":38}},"24":{"start":{"line":48,"column":15},"end":{"line":48,"column":17}},"25":{"start":{"line":49,"column":15},"end":{"line":49,"column":16}},"26":{"start":{"line":50,"column":2},"end":{"line":52,"column":3}},"27":{"start":{"line":51,"column":4},"end":{"line":51,"column":21}},"28":{"start":{"line":54,"column":2},"end":{"line":131,"column":3}},"29":{"start":{"line":55,"column":16},"end":{"line":55,"column":31}},"30":{"start":{"line":56,"column":4},"end":{"line":130,"column":5}},"31":{"start":{"line":61,"column":6},"end":{"line":67,"column":8}},"32":{"start":{"line":69,"column":6},"end":{"line":89,"column":7}},"33":{"start":{"line":70,"column":8},"end":{"line":70,"column":38}},"34":{"start":{"line":71,"column":8},"end":{"line":71,"column":79}},"35":{"start":{"line":73,"column":23},"end":{"line":73,"column":25}},"36":{"start":{"line":74,"column":8},"end":{"line":80,"column":9}},"37":{"start":{"line":75,"column":10},"end":{"line":75,"column":73}},"38":{"start":{"line":77,"column":10},"end":{"line":79,"column":11}},"39":{"start":{"line":78,"column":12},"end":{"line":78,"column":77}},"40":{"start":{"line":82,"column":8},"end":{"line":88,"column":9}},"41":{"start":{"line":83,"column":10},"end":{"line":87,"column":13}},"42":{"start":{"line":92,"column":6},"end":{"line":92,"column":23}},"43":{"start":{"line":93,"column":6},"end":{"line":99,"column":8}},"44":{"start":{"line":102,"column":6},"end":{"line":129,"column":7}},"45":{"start":{"line":103,"column":8},"end":{"line":103,"column":35}},"46":{"start":{"line":104,"column":8},"end":{"line":104,"column":79}},"47":{"start":{"line":107,"column":22},"end":{"line":107,"column":24}},"48":{"start":{"line":108,"column":8},"end":{"line":122,"column":9}},"49":{"start":{"line":109,"column":10},"end":{"line":113,"column":12}},"50":{"start":{"line":115,"column":10},"end":{"line":121,"column":11}},"51":{"start":{"line":116,"column":12},"end":{"line":120,"column":14}},"52":{"start":{"line":124,"column":8},"end":{"line":128,"column":11}},"53":{"start":{"line":132,"column":2},"end":{"line":132,"column":16}},"54":{"start":{"line":136,"column":14},"end":{"line":136,"column":16}},"55":{"start":{"line":137,"column":15},"end":{"line":137,"column":17}},"56":{"start":{"line":139,"column":15},"end":{"line":139,"column":54}},"57":{"start":{"line":142,"column":2},"end":{"line":169,"column":3}},"58":{"start":{"line":144,"column":4},"end":{"line":168,"column":5}},"59":{"start":{"line":149,"column":6},"end":{"line":149,"column":30}},"60":{"start":{"line":151,"column":6},"end":{"line":151,"column":41}},"61":{"start":{"line":152,"column":6},"end":{"line":154,"column":7}},"62":{"start":{"line":153,"column":8},"end":{"line":153,"column":60}},"63":{"start":{"line":155,"column":6},"end":{"line":155,"column":41}},"64":{"start":{"line":156,"column":6},"end":{"line":158,"column":7}},"65":{"start":{"line":157,"column":8},"end":{"line":157,"column":60}},"66":{"start":{"line":159,"column":6},"end":{"line":162,"column":8}},"67":{"start":{"line":164,"column":6},"end":{"line":164,"column":52}},"68":{"start":{"line":166,"column":6},"end":{"line":166,"column":28}},"69":{"start":{"line":167,"column":6},"end":{"line":167,"column":55}},"70":{"start":{"line":170,"column":2},"end":{"line":170,"column":48}},"71":{"start":{"line":172,"column":2},"end":{"line":197,"column":3}},"72":{"start":{"line":174,"column":4},"end":{"line":196,"column":5}},"73":{"start":{"line":178,"column":6},"end":{"line":180,"column":7}},"74":{"start":{"line":179,"column":8},"end":{"line":179,"column":53}},"75":{"start":{"line":181,"column":6},"end":{"line":181,"column":61}},"76":{"start":{"line":182,"column":6},"end":{"line":184,"column":7}},"77":{"start":{"line":183,"column":8},"end":{"line":183,"column":71}},"78":{"start":{"line":185,"column":6},"end":{"line":185,"column":61}},"79":{"start":{"line":186,"column":6},"end":{"line":188,"column":7}},"80":{"start":{"line":187,"column":8},"end":{"line":187,"column":71}},"81":{"start":{"line":190,"column":6},"end":{"line":193,"column":8}},"82":{"start":{"line":195,"column":6},"end":{"line":195,"column":30}},"83":{"start":{"line":198,"column":2},"end":{"line":198,"column":16}}},"fnMap":{"0":{"name":"sampleFunction","decl":{"start":{"line":8,"column":9},"end":{"line":8,"column":23}},"loc":{"start":{"line":8,"column":51},"end":{"line":40,"column":1}},"line":8},"1":{"name":"optimizePeaks","decl":{"start":{"line":42,"column":26},"end":{"line":42,"column":39}},"loc":{"start":{"line":42,"column":67},"end":{"line":133,"column":1}},"line":42},"2":{"name":"groupPeaks","decl":{"start":{"line":135,"column":9},"end":{"line":135,"column":19}},"loc":{"start":{"line":135,"column":34},"end":{"line":199,"column":1}},"line":135}},"branchMap":{"0":{"loc":{"start":{"line":13,"column":2},"end":{"line":15,"column":3}},"type":"if","locations":[{"start":{"line":13,"column":2},"end":{"line":15,"column":3}},{"start":{"line":13,"column":2},"end":{"line":15,"column":3}}],"line":13},"1":{"loc":{"start":{"line":21,"column":9},"end":{"line":21,"column":48}},"type":"binary-expr","locations":[{"start":{"line":21,"column":9},"end":{"line":21,"column":14}},{"start":{"line":21,"column":18},"end":{"line":21,"column":34}},{"start":{"line":21,"column":38},"end":{"line":21,"column":48}}],"line":21},"2":{"loc":{"start":{"line":22,"column":4},"end":{"line":35,"column":5}},"type":"if","locations":[{"start":{"line":22,"column":4},"end":{"line":35,"column":5}},{"start":{"line":22,"column":4},"end":{"line":35,"column":5}}],"line":22},"3":{"loc":{"start":{"line":28,"column":6},"end":{"line":34,"column":7}},"type":"if","locations":[{"start":{"line":28,"column":6},"end":{"line":34,"column":7}},{"start":{"line":28,"column":6},"end":{"line":34,"column":7}}],"line":28},"4":{"loc":{"start":{"line":50,"column":2},"end":{"line":52,"column":3}},"type":"if","locations":[{"start":{"line":50,"column":2},"end":{"line":52,"column":3}},{"start":{"line":50,"column":2},"end":{"line":52,"column":3}}],"line":50},"5":{"loc":{"start":{"line":56,"column":4},"end":{"line":130,"column":5}},"type":"if","locations":[{"start":{"line":56,"column":4},"end":{"line":130,"column":5}},{"start":{"line":56,"column":4},"end":{"line":130,"column":5}}],"line":56},"6":{"loc":{"start":{"line":69,"column":6},"end":{"line":89,"column":7}},"type":"if","locations":[{"start":{"line":69,"column":6},"end":{"line":89,"column":7}},{"start":{"line":69,"column":6},"end":{"line":89,"column":7}}],"line":69},"7":{"loc":{"start":{"line":74,"column":8},"end":{"line":80,"column":9}},"type":"if","locations":[{"start":{"line":74,"column":8},"end":{"line":80,"column":9}},{"start":{"line":74,"column":8},"end":{"line":80,"column":9}}],"line":74},"8":{"loc":{"start":{"line":77,"column":10},"end":{"line":79,"column":11}},"type":"if","locations":[{"start":{"line":77,"column":10},"end":{"line":79,"column":11}},{"start":{"line":77,"column":10},"end":{"line":79,"column":11}}],"line":77},"9":{"loc":{"start":{"line":102,"column":6},"end":{"line":129,"column":7}},"type":"if","locations":[{"start":{"line":102,"column":6},"end":{"line":129,"column":7}},{"start":{"line":102,"column":6},"end":{"line":129,"column":7}}],"line":102},"10":{"loc":{"start":{"line":108,"column":8},"end":{"line":122,"column":9}},"type":"if","locations":[{"start":{"line":108,"column":8},"end":{"line":122,"column":9}},{"start":{"line":108,"column":8},"end":{"line":122,"column":9}}],"line":108},"11":{"loc":{"start":{"line":115,"column":10},"end":{"line":121,"column":11}},"type":"if","locations":[{"start":{"line":115,"column":10},"end":{"line":121,"column":11}},{"start":{"line":115,"column":10},"end":{"line":121,"column":11}}],"line":115},"12":{"loc":{"start":{"line":144,"column":4},"end":{"line":168,"column":5}},"type":"if","locations":[{"start":{"line":144,"column":4},"end":{"line":168,"column":5}},{"start":{"line":144,"column":4},"end":{"line":168,"column":5}}],"line":144},"13":{"loc":{"start":{"line":152,"column":6},"end":{"line":154,"column":7}},"type":"if","locations":[{"start":{"line":152,"column":6},"end":{"line":154,"column":7}},{"start":{"line":152,"column":6},"end":{"line":154,"column":7}}],"line":152},"14":{"loc":{"start":{"line":156,"column":6},"end":{"line":158,"column":7}},"type":"if","locations":[{"start":{"line":156,"column":6},"end":{"line":158,"column":7}},{"start":{"line":156,"column":6},"end":{"line":158,"column":7}}],"line":156},"15":{"loc":{"start":{"line":174,"column":4},"end":{"line":196,"column":5}},"type":"if","locations":[{"start":{"line":174,"column":4},"end":{"line":196,"column":5}},{"start":{"line":174,"column":4},"end":{"line":196,"column":5}}],"line":174},"16":{"loc":{"start":{"line":182,"column":6},"end":{"line":184,"column":7}},"type":"if","locations":[{"start":{"line":182,"column":6},"end":{"line":184,"column":7}},{"start":{"line":182,"column":6},"end":{"line":184,"column":7}}],"line":182},"17":{"loc":{"start":{"line":186,"column":6},"end":{"line":188,"column":7}},"type":"if","locations":[{"start":{"line":186,"column":6},"end":{"line":188,"column":7}},{"start":{"line":186,"column":6},"end":{"line":188,"column":7}}],"line":186}},"s":{"0":8,"1":6,"2":6,"3":6,"4":6,"5":6,"6":0,"7":6,"8":6,"9":6,"10":6,"11":6,"12":101125,"13":121,"14":121,"15":121,"16":101004,"17":100998,"18":6,"19":6,"20":6,"21":8,"22":1,"23":1,"24":1,"25":1,"26":1,"27":1,"28":1,"29":6,"30":6,"31":0,"32":0,"33":0,"34":0,"35":0,"36":0,"37":0,"38":0,"39":0,"40":0,"41":0,"42":6,"43":6,"44":6,"45":6,"46":6,"47":6,"48":6,"49":6,"50":0,"51":0,"52":6,"53":1,"54":1,"55":1,"56":1,"57":1,"58":6,"59":1,"60":1,"61":1,"62":0,"63":1,"64":1,"65":0,"66":1,"67":5,"68":5,"69":5,"70":1,"71":1,"72":5,"73":0,"74":0,"75":0,"76":0,"77":0,"78":0,"79":0,"80":0,"81":0,"82":0,"83":1},"f":{"0":6,"1":1,"2":1},"b":{"0":[0,6],"1":[101131,101125,101125],"2":[121,101004],"3":[100998,6],"4":[1,0],"5":[0,6],"6":[0,0],"7":[0,0],"8":[0,0],"9":[6,0],"10":[6,0],"11":[0,0],"12":[1,5],"13":[0,1],"14":[0,1],"15":[0,5],"16":[0,0],"17":[0,0]},"_coverageSchema":"1a1c01bbd47fc00a2c39e90264f33305004495a9","hash":"5a20426c54d9f2f4eabddc1939269c768c5ff0f6"}
,"/Users/lpatiny/git/mljs/global-spectral-deconvolution/src/gsd.js": {"path":"/Users/lpatiny/git/mljs/global-spectral-deconvolution/src/gsd.js","statementMap":{"0":{"start":{"line":1,"column":11},"end":{"line":1,"column":51}},"1":{"start":{"line":3,"column":23},"end":{"line":16,"column":1}},"2":{"start":{"line":40,"column":2},"end":{"line":40,"column":55}},"3":{"start":{"line":41,"column":18},"end":{"line":41,"column":35}},"4":{"start":{"line":42,"column":12},"end":{"line":42,"column":23}},"5":{"start":{"line":44,"column":14},"end":{"line":44,"column":15}},"6":{"start":{"line":45,"column":14},"end":{"line":45,"column":30}},"7":{"start":{"line":46,"column":2},"end":{"line":65,"column":3}},"8":{"start":{"line":50,"column":4},"end":{"line":58,"column":5}},"9":{"start":{"line":50,"column":17},"end":{"line":50,"column":18}},"10":{"start":{"line":51,"column":6},"end":{"line":51,"column":38}},"11":{"start":{"line":52,"column":6},"end":{"line":54,"column":7}},"12":{"start":{"line":53,"column":8},"end":{"line":53,"column":20}},"13":{"start":{"line":55,"column":6},"end":{"line":57,"column":7}},"14":{"start":{"line":56,"column":8},"end":{"line":56,"column":20}},"15":{"start":{"line":60,"column":4},"end":{"line":64,"column":5}},"16":{"start":{"line":61,"column":6},"end":{"line":61,"column":44}},"17":{"start":{"line":63,"column":6},"end":{"line":63,"column":29}},"18":{"start":{"line":66,"column":22},"end":{"line":66,"column":53}},"19":{"start":{"line":67,"column":2},"end":{"line":70,"column":3}},"20":{"start":{"line":68,"column":4},"end":{"line":68,"column":23}},"21":{"start":{"line":69,"column":4},"end":{"line":69,"column":24}},"22":{"start":{"line":72,"column":2},"end":{"line":74,"column":3}},"23":{"start":{"line":72,"column":15},"end":{"line":72,"column":16}},"24":{"start":{"line":73,"column":4},"end":{"line":73,"column":48}},"25":{"start":{"line":76,"column":2},"end":{"line":80,"column":3}},"26":{"start":{"line":76,"column":15},"end":{"line":76,"column":16}},"27":{"start":{"line":77,"column":4},"end":{"line":79,"column":5}},"28":{"start":{"line":78,"column":6},"end":{"line":78,"column":15}},"29":{"start":{"line":82,"column":10},"end":{"line":82,"column":11}},"30":{"start":{"line":84,"column":2},"end":{"line":120,"column":3}},"31":{"start":{"line":85,"column":4},"end":{"line":91,"column":5}},"32":{"start":{"line":86,"column":6},"end":{"line":90,"column":9}},"33":{"start":{"line":92,"column":4},"end":{"line":96,"column":7}},"34":{"start":{"line":97,"column":4},"end":{"line":101,"column":7}},"35":{"start":{"line":103,"column":4},"end":{"line":109,"column":5}},"36":{"start":{"line":104,"column":6},"end":{"line":108,"column":9}},"37":{"start":{"line":110,"column":4},"end":{"line":114,"column":7}},"38":{"start":{"line":115,"column":4},"end":{"line":119,"column":7}},"39":{"start":{"line":122,"column":12},"end":{"line":122,"column":13}},"40":{"start":{"line":123,"column":13},"end":{"line":123,"column":24}},"41":{"start":{"line":124,"column":15},"end":{"line":124,"column":16}},"42":{"start":{"line":125,"column":13},"end":{"line":125,"column":14}},"43":{"start":{"line":126,"column":2},"end":{"line":133,"column":3}},"44":{"start":{"line":126,"column":15},"end":{"line":126,"column":16}},"45":{"start":{"line":127,"column":4},"end":{"line":129,"column":5}},"46":{"start":{"line":128,"column":6},"end":{"line":128,"column":32}},"47":{"start":{"line":130,"column":4},"end":{"line":132,"column":5}},"48":{"start":{"line":131,"column":6},"end":{"line":131,"column":28}},"49":{"start":{"line":135,"column":16},"end":{"line":135,"column":20}},"50":{"start":{"line":136,"column":16},"end":{"line":136,"column":20}},"51":{"start":{"line":137,"column":15},"end":{"line":137,"column":38}},"52":{"start":{"line":138,"column":18},"end":{"line":138,"column":37}},"53":{"start":{"line":139,"column":18},"end":{"line":139,"column":37}},"54":{"start":{"line":140,"column":18},"end":{"line":140,"column":41}},"55":{"start":{"line":141,"column":18},"end":{"line":141,"column":19}},"56":{"start":{"line":142,"column":21},"end":{"line":142,"column":22}},"57":{"start":{"line":143,"column":21},"end":{"line":143,"column":22}},"58":{"start":{"line":144,"column":21},"end":{"line":144,"column":22}},"59":{"start":{"line":146,"column":2},"end":{"line":187,"column":3}},"60":{"start":{"line":146,"column":15},"end":{"line":146,"column":16}},"61":{"start":{"line":148,"column":4},"end":{"line":178,"column":5}},"62":{"start":{"line":150,"column":6},"end":{"line":162,"column":7}},"63":{"start":{"line":154,"column":8},"end":{"line":157,"column":10}},"64":{"start":{"line":158,"column":8},"end":{"line":161,"column":9}},"65":{"start":{"line":159,"column":10},"end":{"line":159,"column":46}},"66":{"start":{"line":160,"column":10},"end":{"line":160,"column":46}},"67":{"start":{"line":165,"column":6},"end":{"line":177,"column":7}},"68":{"start":{"line":169,"column":8},"end":{"line":172,"column":10}},"69":{"start":{"line":173,"column":8},"end":{"line":176,"column":9}},"70":{"start":{"line":174,"column":10},"end":{"line":174,"column":46}},"71":{"start":{"line":175,"column":10},"end":{"line":175,"column":46}},"72":{"start":{"line":181,"column":4},"end":{"line":186,"column":5}},"73":{"start":{"line":183,"column":6},"end":{"line":183,"column":30}},"74":{"start":{"line":184,"column":6},"end":{"line":185,"column":56}},"75":{"start":{"line":188,"column":2},"end":{"line":188,"column":28}},"76":{"start":{"line":189,"column":2},"end":{"line":189,"column":34}},"77":{"start":{"line":190,"column":2},"end":{"line":190,"column":34}},"78":{"start":{"line":191,"column":2},"end":{"line":191,"column":34}},"79":{"start":{"line":193,"column":16},"end":{"line":193,"column":40}},"80":{"start":{"line":194,"column":19},"end":{"line":194,"column":20}},"81":{"start":{"line":195,"column":14},"end":{"line":195,"column":16}},"82":{"start":{"line":197,"column":2},"end":{"line":242,"column":3}},"83":{"start":{"line":197,"column":15},"end":{"line":197,"column":16}},"84":{"start":{"line":198,"column":4},"end":{"line":198,"column":29}},"85":{"start":{"line":199,"column":4},"end":{"line":199,"column":18}},"86":{"start":{"line":200,"column":12},"end":{"line":200,"column":21}},"87":{"start":{"line":201,"column":4},"end":{"line":201,"column":35}},"88":{"start":{"line":202,"column":4},"end":{"line":202,"column":18}},"89":{"start":{"line":203,"column":4},"end":{"line":203,"column":25}},"90":{"start":{"line":204,"column":4},"end":{"line":218,"column":5}},"91":{"start":{"line":205,"column":6},"end":{"line":205,"column":78}},"92":{"start":{"line":208,"column":6},"end":{"line":212,"column":7}},"93":{"start":{"line":209,"column":8},"end":{"line":209,"column":32}},"94":{"start":{"line":211,"column":8},"end":{"line":211,"column":30}},"95":{"start":{"line":213,"column":6},"end":{"line":216,"column":7}},"96":{"start":{"line":214,"column":8},"end":{"line":214,"column":21}},"97":{"start":{"line":215,"column":8},"end":{"line":215,"column":18}},"98":{"start":{"line":217,"column":6},"end":{"line":217,"column":10}},"99":{"start":{"line":220,"column":4},"end":{"line":241,"column":5}},"100":{"start":{"line":221,"column":6},"end":{"line":240,"column":7}},"101":{"start":{"line":222,"column":8},"end":{"line":228,"column":10}},"102":{"start":{"line":229,"column":8},"end":{"line":232,"column":9}},"103":{"start":{"line":230,"column":10},"end":{"line":230,"column":61}},"104":{"start":{"line":231,"column":10},"end":{"line":231,"column":62}},"105":{"start":{"line":233,"column":8},"end":{"line":239,"column":9}},"106":{"start":{"line":234,"column":22},"end":{"line":234,"column":50}},"107":{"start":{"line":235,"column":23},"end":{"line":235,"column":51}},"108":{"start":{"line":236,"column":10},"end":{"line":238,"column":63}},"109":{"start":{"line":243,"column":2},"end":{"line":243,"column":30}},"110":{"start":{"line":245,"column":2},"end":{"line":247,"column":3}},"111":{"start":{"line":246,"column":4},"end":{"line":246,"column":36}},"112":{"start":{"line":250,"column":2},"end":{"line":252,"column":3}},"113":{"start":{"line":250,"column":15},"end":{"line":250,"column":16}},"114":{"start":{"line":251,"column":4},"end":{"line":251,"column":41}},"115":{"start":{"line":254,"column":2},"end":{"line":256,"column":5}},"116":{"start":{"line":255,"column":4},"end":{"line":255,"column":21}},"117":{"start":{"line":258,"column":2},"end":{"line":258,"column":17}},"118":{"start":{"line":262,"column":13},"end":{"line":262,"column":14}},"119":{"start":{"line":264,"column":15},"end":{"line":264,"column":16}},"120":{"start":{"line":265,"column":15},"end":{"line":265,"column":23}},"121":{"start":{"line":266,"column":2},"end":{"line":268,"column":3}},"122":{"start":{"line":266,"column":15},"end":{"line":266,"column":16}},"123":{"start":{"line":267,"column":4},"end":{"line":267,"column":17}},"124":{"start":{"line":269,"column":2},"end":{"line":269,"column":17}},"125":{"start":{"line":270,"column":26},"end":{"line":270,"column":43}},"126":{"start":{"line":271,"column":2},"end":{"line":273,"column":3}},"127":{"start":{"line":271,"column":15},"end":{"line":271,"column":16}},"128":{"start":{"line":272,"column":4},"end":{"line":272,"column":49}},"129":{"start":{"line":274,"column":2},"end":{"line":274,"column":42}},"130":{"start":{"line":274,"column":35},"end":{"line":274,"column":40}},"131":{"start":{"line":275,"column":2},"end":{"line":282,"column":3}},"132":{"start":{"line":276,"column":4},"end":{"line":276,"column":58}},"133":{"start":{"line":278,"column":4},"end":{"line":281,"column":13}},"134":{"start":{"line":284,"column":2},"end":{"line":284,"column":16}},"135":{"start":{"line":289,"column":2},"end":{"line":340,"column":3}},"136":{"start":{"line":289,"column":15},"end":{"line":289,"column":16}},"137":{"start":{"line":290,"column":4},"end":{"line":290,"column":37}},"138":{"start":{"line":292,"column":4},"end":{"line":318,"column":5}},"139":{"start":{"line":296,"column":6},"end":{"line":296,"column":21}},"140":{"start":{"line":298,"column":6},"end":{"line":317,"column":7}},"141":{"start":{"line":302,"column":8},"end":{"line":302,"column":23}},"142":{"start":{"line":304,"column":8},"end":{"line":316,"column":9}},"143":{"start":{"line":308,"column":10},"end":{"line":308,"column":28}},"144":{"start":{"line":310,"column":10},"end":{"line":315,"column":11}},"145":{"start":{"line":314,"column":12},"end":{"line":314,"column":30}},"146":{"start":{"line":320,"column":4},"end":{"line":339,"column":5}},"147":{"start":{"line":328,"column":6},"end":{"line":328,"column":51}},"148":{"start":{"line":329,"column":6},"end":{"line":329,"column":46}},"149":{"start":{"line":330,"column":6},"end":{"line":330,"column":51}},"150":{"start":{"line":331,"column":6},"end":{"line":331,"column":63}},"151":{"start":{"line":334,"column":6},"end":{"line":335,"column":70}},"152":{"start":{"line":336,"column":6},"end":{"line":338,"column":63}},"153":{"start":{"line":343,"column":0},"end":{"line":343,"column":21}}},"fnMap":{"0":{"name":"gsd","decl":{"start":{"line":39,"column":9},"end":{"line":39,"column":12}},"loc":{"start":{"line":39,"column":30},"end":{"line":259,"column":1}},"line":39},"1":{"name":"(anonymous_1)","decl":{"start":{"line":254,"column":15},"end":{"line":254,"column":16}},"loc":{"start":{
[...]
,"/Users/lpatiny/git/mljs/global-spectral-deconvolution/src/index.js": {"path":"/Users/lpatiny/git/mljs/global-spectral-deconvolution/src/index.js","statementMap":{},"fnMap":{},"branchMap":{},"s":{},"f":{},"b":{},"_coverageSchema":"1a1c01bbd47fc00a2c39e90264f33305004495a9","hash":"06410d4c15b865e8cec0120a6c44f24464f04f0a"}
,"/Users/lpatiny/git/mljs/global-spectral-deconvolution/src/post/broadenPeaks.js": {"path":"/Users/lpatiny/git/mljs/global-spectral-deconvolution/src/post/broadenPeaks.js","statementMap":{"0":{"start":{"line":11,"column":42},"end":{"line":11,"column":49}},"1":{"start":{"line":13,"column":2},"end":{"line":16,"column":3}},"2":{"start":{"line":14,"column":4},"end":{"line":14,"column":51}},"3":{"start":{"line":15,"column":4},"end":{"line":15,"column":49}},"4":{"start":{"line":18,"column":2},"end":{"line":26,"column":3}},"5":{"start":{"line":19,"column":4},"end":{"line":25,"column":5}},"6":{"start":{"line":19,"column":17},"end":{"line":19,"column":18}},"7":{"start":{"line":20,"column":17},"end":{"line":20,"column":28}},"8":{"start":{"line":21,"column":21},"end":{"line":21,"column":36}},"9":{"start":{"line":22,"column":6},"end":{"line":24,"column":7}},"10":{"start":{"line":23,"column":8},"end":{"line":23,"column":64}},"11":{"start":{"line":28,"column":2},"end":{"line":30,"column":3}},"12":{"start":{"line":29,"column":4},"end":{"line":29,"column":37}},"13":{"start":{"line":32,"column":2},"end":{"line":32,"column":18}}},"fnMap":{"0":{"name":"broadenPeaks","decl":{"start":{"line":10,"column":16},"end":{"line":10,"column":28}},"loc":{"start":{"line":10,"column":53},"end":{"line":33,"column":1}},"line":10}},"branchMap":{"0":{"loc":{"start":{"line":10,"column":39},"end":{"line":10,"column":51}},"type":"default-arg","locations":[{"start":{"line":10,"column":49},"end":{"line":10,"column":51}}],"line":10},"1":{"loc":{"start":{"line":11,"column":10},"end":{"line":11,"column":20}},"type":"default-arg","locations":[{"start":{"line":11,"column":19},"end":{"line":11,"column":20}}],"line":11},"2":{"loc":{"start":{"line":11,"column":22},"end":{"line":11,"column":37}},"type":"default-arg","locations":[{"start":{"line":11,"column":32},"end":{"line":11,"column":37}}],"line":11},"3":{"loc":{"start":{"line":18,"column":2},"end":{"line":26,"column":3}},"type":"if","locations":[{"start":{"line":18,"column":2},"end":{"line":26,"column":3}},{"start":{"line":18,"column":2},"end":{"line":26,"column":3}}],"line":18},"4":{"loc":{"start":{"line":22,"column":6},"end":{"line":24,"column":7}},"type":"if","locations":[{"start":{"line":22,"column":6},"end":{"line":24,"column":7}},{"start":{"line":22,"column":6},"end":{"line":24,"column":7}}],"line":22}},"s":{"0":5,"1":5,"2":15,"3":15,"4":5,"5":4,"6":4,"7":8,"8":8,"9":8,"10":4,"11":5,"12":15,"13":5},"f":{"0":5},"b":{"0":[1],"1":[2],"2":[4],"3":[4,1],"4":[4,4]},"_coverageSchema":"1a1c01bbd47fc00a2c39e90264f33305004495a9","hash":"3bee53a99c320c773bec32b6375059b698ce235f"}
,"/Users/lpatiny/git/mljs/global-spectral-deconvolution/src/post/joinBroadPeaks.js": {"path":"/Users/lpatiny/git/mljs/global-spectral-deconvolution/src/post/joinBroadPeaks.js","statementMap":{"0":{"start":{"line":1,"column":10},"end":{"line":1,"column":43}},"1":{"start":{"line":9,"column":14},"end":{"line":9,"column":27}},"2":{"start":{"line":10,"column":19},"end":{"line":10,"column":21}},"3":{"start":{"line":12,"column":12},"end":{"line":12,"column":13}},"4":{"start":{"line":14,"column":13},"end":{"line":14,"column":14}},"5":{"start":{"line":16,"column":14},"end":{"line":16,"column":15}},"6":{"start":{"line":17,"column":2},"end":{"line":21,"column":3}},"7":{"start":{"line":17,"column":15},"end":{"line":17,"column":34}},"8":{"start":{"line":18,"column":4},"end":{"line":20,"column":5}},"9":{"start":{"line":19,"column":6},"end":{"line":19,"column":48}},"10":{"start":{"line":23,"column":2},"end":{"line":23,"column":43}},"11":{"start":{"line":25,"column":19},"end":{"line":25,"column":55}},"12":{"start":{"line":26,"column":16},"end":{"line":26,"column":19}},"13":{"start":{"line":28,"column":2},"end":{"line":65,"column":3}},"14":{"start":{"line":28,"column":15},"end":{"line":28,"column":16}},"15":{"start":{"line":30,"column":4},"end":{"line":64,"column":5}},"16":{"start":{"line":31,"column":6},"end":{"line":31,"column":58}},"17":{"start":{"line":32,"column":6},"end":{"line":35,"column":7}},"18":{"start":{"line":33,"column":8},"end":{"line":33,"column":30}},"19":{"start":{"line":34,"column":8},"end":{"line":34,"column":17}},"20":{"start":{"line":36,"column":6},"end":{"line":36,"column":22}},"21":{"start":{"line":37,"column":6},"end":{"line":37,"column":14}},"22":{"start":{"line":39,"column":6},"end":{"line":58,"column":7}},"23":{"start":{"line":40,"column":21},"end":{"line":46,"column":10}},"24":{"start":{"line":47,"column":8},"end":{"line":52,"column":11}},"25":{"start":{"line":55,"column":8},"end":{"line":57,"column":11}},"26":{"start":{"line":56,"column":10},"end":{"line":56,"column":43}},"27":{"start":{"line":59,"column":6},"end":{"line":59,"column":56}},"28":{"start":{"line":60,"column":6},"end":{"line":60,"column":20}},"29":{"start":{"line":61,"column":6},"end":{"line":61,"column":28}},"30":{"start":{"line":62,"column":6},"end":{"line":62,"column":15}},"31":{"start":{"line":63,"column":6},"end":{"line":63,"column":16}},"32":{"start":{"line":67,"column":2},"end":{"line":69,"column":5}},"33":{"start":{"line":68,"column":4},"end":{"line":68,"column":21}},"34":{"start":{"line":71,"column":2},"end":{"line":71,"column":18}}},"fnMap":{"0":{"name":"joinBroadPeaks","decl":{"start":{"line":8,"column":16},"end":{"line":8,"column":30}},"loc":{"start":{"line":8,"column":55},"end":{"line":72,"column":1}},"line":8},"1":{"name":"(anonymous_1)","decl":{"start":{"line":55,"column":24},"end":{"line":55,"column":25}},"loc":{"start":{"line":55,"column":35},"end":{"line":57,"column":9}},"line":55},"2":{"name":"(anonymous_2)","decl":{"start":{"line":67,"column":16},"end":{"line":67,"column":17}},"loc":{"start":{"line":67,"column":31},"end":{"line":69,"column":3}},"line":67}},"branchMap":{"0":{"loc":{"start":{"line":8,"column":41},"end":{"line":8,"column":53}},"type":"default-arg","locations":[{"start":{"line":8,"column":51},"end":{"line":8,"column":53}}],"line":8},"1":{"loc":{"start":{"line":18,"column":4},"end":{"line":20,"column":5}},"type":"if","locations":[{"start":{"line":18,"column":4},"end":{"line":20,"column":5}},{"start":{"line":18,"column":4},"end":{"line":20,"column":5}}],"line":18},"2":{"loc":{"start":{"line":30,"column":4},"end":{"line":64,"column":5}},"type":"if","locations":[{"start":{"line":30,"column":4},"end":{"line":64,"column":5}},{"start":{"line":30,"column":4},"end":{"line":64,"column":5}}],"line":30},"3":{"loc":{"start":{"line":32,"column":6},"end":{"line":35,"column":7}},"type":"if","locations":[{"start":{"line":32,"column":6},"end":{"line":35,"column":7}},{"start":{"line":32,"column":6},"end":{"line":35,"column":7}}],"line":32},"4":{"loc":{"start":{"line":39,"column":6},"end":{"line":58,"column":7}},"type":"if","locations":[{"start":{"line":39,"column":6},"end":{"line":58,"column":7}},{"start":{"line":39,"column":6},"end":{"line":58,"column":7}}],"line":39}},"s":{"0":8,"1":0,"2":0,"3":0,"4":0,"5":0,"6":0,"7":0,"8":0,"9":0,"10":0,"11":0,"12":0,"13":0,"14":0,"15":0,"16":0,"17":0,"18":0,"19":0,"20":0,"21":0,"22":0,"23":0,"24":0,"25":0,"26":0,"27":0,"28":0,"29":0,"30":0,"31":0,"32":0,"33":0,"34":0},"f":{"0":0,"1":0,"2":0},"b":{"0":[0],"1":[0,0],"2":[0,0],"3":[0,0],"4":[0,0]},"_coverageSchema":"1a1c01bbd47fc00a2c39e90264f33305004495a9","hash":"dd4ff09ec6dfca4865d2bb88b6274c5063628384"}
,"/Users/lpatiny/git/mljs/global-spectral-deconvolution/src/post/optimizePeaks.js": {"path":"/Users/lpatiny/git/mljs/global-spectral-deconvolution/src/post/optimizePeaks.js","statementMap":{"0":{"start":{"line":4,"column":17},"end":{"line":4,"column":25}},"1":{"start":{"line":5,"column":16},"end":{"line":5,"column":18}},"2":{"start":{"line":6,"column":16},"end":{"line":6,"column":18}},"3":{"start":{"line":7,"column":18},"end":{"line":7,"column":40}},"4":{"start":{"line":8,"column":2},"end":{"line":10,"column":3}},"5":{"start":{"line":9,"column":4},"end":{"line":9,"column":32}},"6":{"start":{"line":12,"column":14},"end":{"line":12,"column":37}},"7":{"start":{"line":13,"column":12},"end":{"line":13,"column":27}},"8":{"start":{"line":14,"column":13},"end":{"line":14,"column":18}},"9":{"start":{"line":15,"column":14},"end":{"line":15,"column":26}},"10":{"start":{"line":16,"column":2},"end":{"line":32,"column":3}},"11":{"start":{"line":17,"column":4},"end":{"line":30,"column":5}},"12":{"start":{"line":18,"column":6},"end":{"line":18,"column":29}},"13":{"start":{"line":19,"column":6},"end":{"line":19,"column":29}},"14":{"start":{"line":20,"column":6},"end":{"line":20,"column":25}},"15":{"start":{"line":23,"column":6},"end":{"line":29,"column":7}},"16":{"start":{"line":25,"column":8},"end":{"line":25,"column":27}},"17":{"start":{"line":28,"column":8},"end":{"line":28,"column":20}},"18":{"start":{"line":33,"column":2},"end":{"line":33,"column":23}},"19":{"start":{"line":34,"column":2},"end":{"line":34,"column":28}},"20":{"start":{"line":41,"column":18},"end":{"line":41,"column":21}},"21":{"start":{"line":42,"column":15},"end":{"line":42,"column":38}},"22":{"start":{"line":43,"column":15},"end":{"line":43,"column":17}},"23":{"start":{"line":44,"column":15},"end":{"line":44,"column":16}},"24":{"start":{"line":45,"column":2},"end":{"line":47,"column":3}},"25":{"start":{"line":46,"column":4},"end":{"line":46,"column":21}},"26":{"start":{"line":49,"column":2},"end":{"line":126,"column":3}},"27":{"start":{"line":50,"column":16},"end":{"line":50,"column":31}},"28":{"start":{"line":51,"column":4},"end":{"line":125,"column":5}},"29":{"start":{"line":56,"column":6},"end":{"line":62,"column":8}},"30":{"start":{"line":64,"column":6},"end":{"line":84,"column":7}},"31":{"start":{"line":65,"column":8},"end":{"line":65,"column":38}},"32":{"start":{"line":66,"column":8},"end":{"line":66,"column":79}},"33":{"start":{"line":68,"column":23},"end":{"line":68,"column":25}},"34":{"start":{"line":69,"column":8},"end":{"line":75,"column":9}},"35":{"start":{"line":70,"column":10},"end":{"line":70,"column":73}},"36":{"start":{"line":72,"column":10},"end":{"line":74,"column":11}},"37":{"start":{"line":73,"column":12},"end":{"line":73,"column":77}},"38":{"start":{"line":77,"column":8},"end":{"line":83,"column":9}},"39":{"start":{"line":78,"column":10},"end":{"line":82,"column":13}},"40":{"start":{"line":87,"column":6},"end":{"line":87,"column":23}},"41":{"start":{"line":88,"column":6},"end":{"line":94,"column":8}},"42":{"start":{"line":97,"column":6},"end":{"line":124,"column":7}},"43":{"start":{"line":98,"column":8},"end":{"line":98,"column":35}},"44":{"start":{"line":99,"column":8},"end":{"line":99,"column":79}},"45":{"start":{"line":102,"column":22},"end":{"line":102,"column":24}},"46":{"start":{"line":103,"column":8},"end":{"line":117,"column":9}},"47":{"start":{"line":104,"column":10},"end":{"line":108,"column":12}},"48":{"start":{"line":110,"column":10},"end":{"line":116,"column":11}},"49":{"start":{"line":111,"column":12},"end":{"line":115,"column":14}},"50":{"start":{"line":119,"column":8},"end":{"line":123,"column":11}},"51":{"start":{"line":127,"column":2},"end":{"line":127,"column":16}},"52":{"start":{"line":131,"column":14},"end":{"line":131,"column":16}},"53":{"start":{"line":132,"column":15},"end":{"line":132,"column":17}},"54":{"start":{"line":134,"column":15},"end":{"line":134,"column":54}},"55":{"start":{"line":137,"column":2},"end":{"line":164,"column":3}},"56":{"start":{"line":139,"column":4},"end":{"line":163,"column":5}},"57":{"start":{"line":144,"column":6},"end":{"line":144,"column":30}},"58":{"start":{"line":146,"column":6},"end":{"line":146,"column":41}},"59":{"start":{"line":147,"column":6},"end":{"line":149,"column":7}},"60":{"start":{"line":148,"column":8},"end":{"line":148,"column":60}},"61":{"start":{"line":150,"column":6},"end":{"line":150,"column":41}},"62":{"start":{"line":151,"column":6},"end":{"line":153,"column":7}},"63":{"start":{"line":152,"column":8},"end":{"line":152,"column":60}},"64":{"start":{"line":154,"column":6},"end":{"line":157,"column":8}},"65":{"start":{"line":159,"column":6},"end":{"line":159,"column":52}},"66":{"start":{"line":161,"column":6},"end":{"line":161,"column":28}},"67":{"start":{"line":162,"column":6},"end":{"line":162,"column":55}},"68":{"start":{"line":165,"column":2},"end":{"line":165,"column":48}},"69":{"start":{"line":167,"column":2},"end":{"line":192,"column":3}},"70":{"start":{"line":169,"column":4},"end":{"line":191,"column":5}},"71":{"start":{"line":173,"column":6},"end":{"line":175,"column":7}},"72":{"start":{"line":174,"column":8},"end":{"line":174,"column":53}},"73":{"start":{"line":176,"column":6},"end":{"line":176,"column":61}},"74":{"start":{"line":177,"column":6},"end":{"line":179,"column":7}},"75":{"start":{"line":178,"column":8},"end":{"line":178,"column":71}},"76":{"start":{"line":180,"column":6},"end":{"line":180,"column":61}},"77":{"start":{"line":181,"column":6},"end":{"line":183,"column":7}},"78":{"start":{"line":182,"column":8},"end":{"line":182,"column":71}},"79":{"start":{"line":185,"column":6},"end":{"line":188,"column":8}},"80":{"start":{"line":190,"column":6},"end":{"line":190,"column":30}},"81":{"start":{"line":193,"column":2},"end":{"line":193,"column":16}}},"fnMap":{"0":{"name":"sampleFunction","decl":{"start":{"line":3,"column":9},"end":{"line":3,"column":23}},"loc":{"start":{"line":3,"column":51},"end":{"line":35,"column":1}},"line":3},"1":{"name":"optimizePeaks","decl":{"start":{"line":37,"column":16},"end":{"line":37,"column":29}},"loc":{"start":{"line":37,"column":57},"end":{"line":128,"column":1}},"line":37},"2":{"name":"groupPeaks","decl":{"start":{"line":130,"column":9},"end":{"line":130,"column":19}},"loc":{"start":{"line":130,"column":34},"end":{"line":194,"column":1}},"line":130}},"branchMap":{"0":{"loc":{"start":{"line":8,"column":2},"end":{"line":10,"column":3}},"type":"if","locations":[{"start":{"line":8,"column":2},"end":{"line":10,"column":3}},{"start":{"line":8,"column":2},"end":{"line":10,"column":3}}],"line":8},"1":{"loc":{"start":{"line":16,"column":9},"end":{"line":16,"column":48}},"type":"binary-expr","locations":[{"start":{"line":16,"column":9},"end":{"line":16,"column":14}},{"start":{"line":16,"column":18},"end":{"line":16,"column":34}},{"start":{"line":16,"column":38},"end":{"line":16,"column":48}}],"line":16},"2":{"loc":{"start":{"line":17,"column":4},"end":{"line":30,"column":5}},"type":"if","locations":[{"start":{"line":17,"column":4},"end":{"line":30,"column":5}},{"start":{"line":17,"column":4},"end":{"line":30,"column":5}}],"line":17},"3":{"loc":{"start":{"line":23,"column":6},"end":{"line":29,"column":7}},"type":"if","locations":[{"start":{"line":23,"column":6},"end":{"line":29,"column":7}},{"start":{"line":23,"column":6},"end":{"line":29,"column":7}}],"line":23},"4":{"loc":{"start":{"line":45,"column":2},"end":{"line":47,"column":3}},"type":"if","locations":[{"start":{"line":45,"column":2},"end":{"line":47,"column":3}},{"start":{"line":45,"column":2},"end":{"line":47,"column":3}}],"line":45},"5":{"loc":{"start":{"line":51,"column":4},"end":{"line":125,"column":5}},"type":"if","locations":[{"start":{"line":51,"column":4},"end":{"line":125,"column":5}},{"start":{"line":51,"column":4},"end":{"line":125,"column":5}}],"line":51},"6":{"loc":{"start":{"line":64,"column":6},"end":{"line":84,"column":7}},"type":"if","locations":[{"start":{"line":64,"column":6},"end":{"line":84,"column":7}},{"start":{"line":64,"column":6},"end":{"line":84,"column":7}}],"line":64},"7":{"loc":{"start":{"line":69,"column":8},"end":{"line":75,"column":9}},"type":"if","locations":[{"start":{"line":69,"column":8},"end":{"line":75,"column":9}},{"start":{"line":69,"column":8},"end":{"line":75,"column":9}}],"line":69},"8":{"loc":{"start":{"line":72,"column":10},"end":{"line":74,"column":11}},"type":"if","locations":[{"start":{"line":72,"column":10},"end":{"line":74,"column":11}},{"start":{"line":72,"column":10},"end":{"line":74,"column":11}}],"line":72},"9":{"loc":{"start":{"line":97,"column":6},"end":{"line":124,"column":7}},"type":"if","locations":[{"start":{"line":97,"column":6},"end":{"line":124,"column":7}},{"start":{"line":97,"column":6},"end":{"line":124,"column":7}}],"line":97},"10":{"loc":{"start":{"line":103,"column":8},"end":{"line":117,"column":9}},"type":"if","locations":[{"start":{"line":103,"column":8},"end":{"line":117,"column":9}},{"start":{"line":103,"column":8},"end":{"line":117,"column":9}}],"line":103},"11":{"loc":{"start":{"line":110,"column":10},"end":{"line":116,"column":11}},"type":"if","locations":[{"start":{"line":110,"column":10},"end":{"line":116,"column":11}},{"start":{"line":110,"column":10},"end":{"line":116,"column":11}}],"line":110},"12":{"loc":{"start":{"line":139,"column":4},"end":{"line":163,"column":5}},"type":"if","locations":[{"start":{"line":139,"column":4},"end":{"line":163,"column":5}},{"start":{"line":139,"column":4},"end":{"line":163,"column":5}}],"line":139},"13":{"loc":{"start":{"line":147,"column":6},"end":{"line":149,"column":7}},"type":"if","locations":[{"start":{"line":147,"column":6},"end":{"line":149,"column":7}},{"start":{"line":147,"column":6},"end":{"line":149,"column":7}}],"line":147},"14":{"loc":{"start":{"line":151,"column":6},"end":{"line":153,"column":7}},"type":"if","locations":[{"start":{"line":151,"column":6},"end":{"line":153,"column":7}},{"start":{"line":151,"column":6},"end":{"line":153,"column":7}}],"line":151},"15":{"loc":{"start":{"line":169,"column":4},"end":{"line":191,"column":5}},"type":"if","locations":[{"start":{"line":169,"column":4},"end":{"line":191,"column":5}},{"start":{"line":169,"column":4},"end":{"line":191,"column":5}}],"line":169},"16":{"loc":{"start":{"line":177,"column":6},"end":{"line":179,"column":7}},"type":"if","locations":[{"start":{"line":177,"column":6},"end":{"line":179,"column":7}},{"start":{"line":177,"column":6},"end":{"line":179,"column":7}}],"line":177},"17":{"loc":{"start":{"line":181,"column":6},"end":{"line":183,"column":7}},"type":"if","locations":[{"start":{"line":181,"column":6},"end":{"line":183,"column":7}},{"start":{"line":181,"column":6},"end":{"line":183,"column":7}}],"line":181}},"s":{"0":0,"1":0,"2":0,"3":0,"4":0,"5":0,"6":0,"7":0,"8":0,"9":0,"10":0,"11":0,"12":0,"13":0,"14":0,"15":0,"16":0,"17":0,"18":0,"19":0,"20":0,"21":0,"22":0,"23":0,"24":0,"25":0,"26":0,"27":0,"28":0,"29":0,"30":0,"31":0,"32":0,"33":0,"34":0,"35":0,"36":0,"37":0,"38":0,"39":0,"40":0,"41":0,"42":0,"43":0,"44":0,"45":0,"46":0,"47":0,"48":0,"49":0,"50":0,"51":0,"52":0,"53":0,"54":0,"55":0,"56":0,"57":0,"58":0,"59":0,"60":0,"61":0,"62":0,"63":0,"64":0,"65":0,"66":0,"67":0,"68":0,"69":0,"70":0,"71":0,"72":0,"73":0,"74":0,"75":0,"76":0,"77":0,"78":0,"79":0,"80":0,"81":0},"f":{"0":0,"1":0,"2":0},"b":{"0":[0,0],"1":[0,0,0],"2":[0,0],"3":[0,0],"4":[0,0],"5":[0,0],"6":[0,0],"7":[0,0],"8":[0,0],"9":[0,0],"10":[0,0],"11":[0,0],"12":[0,0],"13":[0,0],"14":[0,0],"15":[0,0],"16":[0,0],"17":[0,0]},"_coverageSchema":"1a1c01bbd47fc00a2c39e90264f33305004495a9","hash":"f2a400d4bd5742621e600807631c929ba3bf9272"}
}
