TN:
SF:dist copy/src/gsd.js
FN:41,gsd
FN:256,(anonymous_1)
FN:263,getNoiseLevel
FN:276,(anonymous_3)
FN:289,realTopDetection
FNF:5
FNH:4
FNDA:4,gsd
FNDA:0,(anonymous_1)
FNDA:3,getNoiseLevel
FNDA:291,(anonymous_3)
FNDA:2,realTopDetection
DA:3,2
DA:5,2
DA:42,4
DA:43,4
DA:44,4
DA:46,4
DA:47,4
DA:48,4
DA:52,3
DA:53,90
DA:54,90
DA:55,3
DA:57,90
DA:58,3
DA:62,3
DA:63,3
DA:65,0
DA:68,4
DA:69,4
DA:70,0
DA:71,0
DA:74,4
DA:75,108
DA:78,4
DA:79,108
DA:80,72
DA:84,4
DA:86,4
DA:87,4
DA:88,3
DA:94,4
DA:99,4
DA:105,0
DA:106,0
DA:112,0
DA:117,0
DA:124,4
DA:125,4
DA:126,4
DA:127,4
DA:128,4
DA:129,108
DA:130,18
DA:132,108
DA:133,19
DA:137,4
DA:138,4
DA:139,4
DA:140,4
DA:141,4
DA:142,4
DA:143,4
DA:144,4
DA:145,4
DA:146,4
DA:148,4
DA:150,100
DA:152,100
DA:156,12
DA:160,12
DA:161,12
DA:162,12
DA:167,100
DA:171,12
DA:175,12
DA:176,0
DA:177,0
DA:183,100
DA:185,4
DA:186,4
DA:190,4
DA:191,4
DA:192,4
DA:193,4
DA:195,4
DA:196,4
DA:197,4
DA:199,4
DA:200,4
DA:201,4
DA:202,4
DA:203,4
DA:204,4
DA:205,4
DA:206,4
DA:207,7
DA:210,7
DA:211,7
DA:213,0
DA:215,7
DA:216,4
DA:217,4
DA:219,7
DA:222,4
DA:223,4
DA:224,4
DA:231,4
DA:232,0
DA:233,0
DA:235,4
DA:236,0
DA:237,0
DA:238,0
DA:245,4
DA:247,4
DA:248,2
DA:252,4
DA:253,4
DA:256,4
DA:257,0
DA:260,4
DA:264,3
DA:266,3
DA:267,3
DA:268,3
DA:269,93
DA:271,3
DA:272,3
DA:273,3
DA:274,93
DA:276,291
DA:277,3
DA:278,3
DA:280,0
DA:286,3
DA:291,2
DA:292,2
DA:294,2
DA:298,1
DA:300,1
DA:304,0
DA:306,1
DA:310,0
DA:312,1
DA:316,0
DA:322,2
DA:330,1
DA:331,1
DA:332,1
DA:333,1
DA:336,1
DA:338,1
DA:345,2
LF:143
LH:123
BRDA:48,0,0,3
BRDA:48,0,1,1
BRDA:54,1,0,3
BRDA:54,1,1,87
BRDA:57,2,0,3
BRDA:57,2,1,87
BRDA:62,3,0,3
BRDA:62,3,1,0
BRDA:69,4,0,0
BRDA:69,4,1,4
BRDA:79,5,0,72
BRDA:79,5,1,36
BRDA:86,6,0,4
BRDA:86,6,1,0
BRDA:87,7,0,3
BRDA:87,7,1,1
BRDA:105,8,0,0
BRDA:105,8,1,0
BRDA:129,9,0,18
BRDA:129,9,1,90
BRDA:132,10,0,19
BRDA:132,10,1,89
BRDA:150,11,0,100
BRDA:150,11,1,0
BRDA:152,12,0,12
BRDA:152,12,1,88
BRDA:153,13,0,100
BRDA:153,13,1,19
BRDA:153,13,2,89
BRDA:153,13,3,61
BRDA:160,14,0,12
BRDA:160,14,1,0
BRDA:160,15,0,12
BRDA:160,15,1,12
BRDA:167,16,0,12
BRDA:167,16,1,88
BRDA:168,17,0,100
BRDA:168,17,1,81
BRDA:168,17,2,89
BRDA:168,17,3,21
BRDA:175,18,0,0
BRDA:175,18,1,12
BRDA:175,19,0,12
BRDA:175,19,1,0
BRDA:183,20,0,4
BRDA:183,20,1,96
BRDA:183,21,0,100
BRDA:183,21,1,23
BRDA:206,22,0,11
BRDA:206,22,1,7
BRDA:206,22,2,7
BRDA:210,23,0,7
BRDA:210,23,1,0
BRDA:215,24,0,4
BRDA:215,24,1,3
BRDA:222,25,0,4
BRDA:222,25,1,0
BRDA:223,26,0,4
BRDA:223,26,1,0
BRDA:231,27,0,0
BRDA:231,27,1,4
BRDA:235,28,0,0
BRDA:235,28,1,4
BRDA:247,29,0,2
BRDA:247,29,1,2
BRDA:277,30,0,3
BRDA:277,30,1,0
BRDA:294,31,0,1
BRDA:294,31,1,1
BRDA:295,32,0,2
BRDA:295,32,1,2
BRDA:300,33,0,0
BRDA:300,33,1,1
BRDA:301,34,0,1
BRDA:301,34,1,0
BRDA:306,35,0,0
BRDA:306,35,1,1
BRDA:307,36,0,1
BRDA:307,36,1,1
BRDA:312,37,0,0
BRDA:312,37,1,1
BRDA:313,38,0,1
BRDA:313,38,1,0
BRDA:322,39,0,1
BRDA:322,39,1,1
BRDA:323,40,0,2
BRDA:323,40,1,2
BRDA:323,40,2,2
BRDA:323,40,3,2
BRDA:323,40,4,2
BRDA:323,40,5,1
BRF:91
BRH:71
end_of_record
TN:
SF:dist/src/gsd.js
FN:41,gsd
FN:256,(anonymous_1)
FN:263,getNoiseLevel
FN:276,(anonymous_3)
FN:289,realTopDetection
FNF:5
FNH:5
FNDA:13,gsd
FNDA:383,(anonymous_1)
FNDA:5,getNoiseLevel
FNDA:199680,(anonymous_3)
FNDA:5,realTopDetection
DA:3,10
DA:5,10
DA:42,13
DA:43,13
DA:44,13
DA:46,12
DA:47,12
DA:48,12
DA:52,6
DA:53,19545
DA:54,19545
DA:55,13
DA:57,19545
DA:58,12
DA:62,6
DA:63,5
DA:65,1
DA:68,12
DA:69,12
DA:70,1
DA:71,1
DA:74,12
DA:75,256181
DA:78,12
DA:79,256181
DA:80,214354
DA:84,12
DA:86,12
DA:87,11
DA:88,6
DA:94,11
DA:99,11
DA:105,1
DA:106,0
DA:112,1
DA:117,1
DA:124,12
DA:125,12
DA:126,12
DA:127,12
DA:128,12
DA:129,256181
DA:130,179
DA:132,256181
DA:133,583
DA:137,12
DA:138,12
DA:139,12
DA:140,12
DA:141,12
DA:142,12
DA:143,12
DA:144,12
DA:145,12
DA:146,12
DA:148,12
DA:150,256157
DA:152,256157
DA:156,12780
DA:160,12780
DA:161,177
DA:162,177
DA:167,256157
DA:171,12781
DA:175,12781
DA:176,12602
DA:177,12602
DA:183,256157
DA:185,8207
DA:186,8207
DA:190,12
DA:191,12
DA:192,12
DA:193,12
DA:195,12
DA:196,12
DA:197,12
DA:199,12
DA:200,8207
DA:201,8207
DA:202,8207
DA:203,8207
DA:204,8207
DA:205,8207
DA:206,8207
DA:207,16136
DA:210,16136
DA:211,14701
DA:213,1435
DA:215,16136
DA:216,6773
DA:217,6773
DA:219,16136
DA:222,8207
DA:223,6773
DA:224,395
DA:231,395
DA:232,0
DA:233,0
DA:235,395
DA:236,0
DA:237,0
DA:238,0
DA:245,12
DA:247,12
DA:248,5
DA:252,12
DA:253,395
DA:256,12
DA:257,383
DA:260,12
DA:264,5
DA:266,5
DA:267,5
DA:268,5
DA:269,17478
DA:271,5
DA:272,5
DA:273,5
DA:274,17478
DA:276,199680
DA:277,5
DA:278,4
DA:280,1
DA:286,5
DA:291,5
DA:292,32
DA:294,32
DA:298,1
DA:300,31
DA:304,0
DA:306,31
DA:310,0
DA:312,31
DA:316,0
DA:322,32
DA:330,30
DA:331,30
DA:332,30
DA:333,30
DA:336,30
DA:338,30
DA:345,10
LF:143
LH:134
BRDA:48,0,0,6
BRDA:48,0,1,6
BRDA:54,1,0,13
BRDA:54,1,1,19532
BRDA:57,2,0,12
BRDA:57,2,1,19533
BRDA:62,3,0,5
BRDA:62,3,1,1
BRDA:69,4,0,1
BRDA:69,4,1,11
BRDA:79,5,0,214354
BRDA:79,5,1,41827
BRDA:86,6,0,11
BRDA:86,6,1,1
BRDA:87,7,0,6
BRDA:87,7,1,5
BRDA:105,8,0,0
BRDA:105,8,1,1
BRDA:129,9,0,179
BRDA:129,9,1,256002
BRDA:132,10,0,583
BRDA:132,10,1,255598
BRDA:150,11,0,256157
BRDA:150,11,1,0
BRDA:152,12,0,12780
BRDA:152,12,1,243377
BRDA:153,13,0,256157
BRDA:153,13,1,42277
BRDA:153,13,2,245618
BRDA:153,13,3,199350
BRDA:160,14,0,177
BRDA:160,14,1,12603
BRDA:160,15,0,12780
BRDA:160,15,1,178
BRDA:167,16,0,12781
BRDA:167,16,1,243376
BRDA:168,17,0,256157
BRDA:168,17,1,213880
BRDA:168,17,2,245618
BRDA:168,17,3,35744
BRDA:175,18,0,12602
BRDA:175,18,1,179
BRDA:175,19,0,12781
BRDA:175,19,1,12603
BRDA:183,20,0,8207
BRDA:183,20,1,247950
BRDA:183,21,0,256157
BRDA:183,21,1,44367
BRDA:206,22,0,24343
BRDA:206,22,1,17570
BRDA:206,22,2,17567
BRDA:210,23,0,14701
BRDA:210,23,1,1435
BRDA:215,24,0,6773
BRDA:215,24,1,9363
BRDA:222,25,0,6773
BRDA:222,25,1,1434
BRDA:223,26,0,395
BRDA:223,26,1,6378
BRDA:231,27,0,0
BRDA:231,27,1,395
BRDA:235,28,0,0
BRDA:235,28,1,395
BRDA:247,29,0,5
BRDA:247,29,1,7
BRDA:277,30,0,4
BRDA:277,30,1,1
BRDA:294,31,0,1
BRDA:294,31,1,31
BRDA:295,32,0,32
BRDA:295,32,1,31
BRDA:300,33,0,0
BRDA:300,33,1,31
BRDA:301,34,0,31
BRDA:301,34,1,0
BRDA:306,35,0,0
BRDA:306,35,1,31
BRDA:307,36,0,31
BRDA:307,36,1,30
BRDA:312,37,0,0
BRDA:312,37,1,31
BRDA:313,38,0,31
BRDA:313,38,1,0
BRDA:322,39,0,30
BRDA:322,39,1,2
BRDA:323,40,0,32
BRDA:323,40,1,32
BRDA:323,40,2,32
BRDA:323,40,3,31
BRDA:323,40,4,31
BRDA:323,40,5,1
BRF:91
BRH:82
end_of_record
TN:
SF:dist/src/index.js
FNF:0
FNH:0
DA:3,8
DA:5,8
LF:2
LH:2
BRF:0
BRH:0
end_of_record
TN:
SF:dist/src/post/broadenPeaks.js
FN:12,broadenPeaks
FNF:1
FNH:1
FNDA:5,broadenPeaks
DA:12,9
DA:13,5
DA:15,5
DA:16,15
DA:17,15
DA:20,5
DA:21,4
DA:22,8
DA:23,8
DA:24,8
DA:25,4
DA:30,5
DA:31,15
DA:34,5
LF:14
LH:14
BRDA:12,0,0,1
BRDA:13,1,0,2
BRDA:13,2,0,4
BRDA:20,3,0,4
BRDA:20,3,1,1
BRDA:24,4,0,4
BRDA:24,4,1,4
BRF:7
BRH:7
end_of_record
TN:
SF:dist/src/post/joinBroadPeaks.js
FN:10,joinBroadPeaks
FN:57,(anonymous_1)
FN:69,(anonymous_2)
FNF:3
FNH:2
FNDA:2,joinBroadPeaks
FNDA:0,(anonymous_1)
FNDA:148,(anonymous_2)
DA:3,8
DA:10,8
DA:11,2
DA:12,2
DA:14,2
DA:16,2
DA:18,2
DA:19,2
DA:20,259
DA:21,158
DA:25,2
DA:27,2
DA:28,2
DA:30,2
DA:32,158
DA:33,154
DA:34,154
DA:35,58
DA:36,58
DA:38,154
DA:39,154
DA:41,4
DA:42,4
DA:49,4
DA:57,0
DA:58,0
DA:61,4
DA:62,4
DA:63,4
DA:64,4
DA:65,4
DA:69,2
DA:70,148
DA:73,2
LF:34
LH:32
BRDA:10,0,0,0
BRDA:20,1,0,158
BRDA:20,1,1,101
BRDA:32,2,0,154
BRDA:32,2,1,4
BRDA:34,3,0,58
BRDA:34,3,1,96
BRDA:41,4,0,4
BRDA:41,4,1,0
BRF:9
BRH:7
end_of_record
TN:
SF:dist/src/post/optimizePeaks.js
FN:8,sampleFunction
FN:42,optimizePeaks
FN:135,groupPeaks
FNF:3
FNH:3
FNDA:6,sampleFunction
FNDA:1,optimizePeaks
FNDA:1,groupPeaks
DA:6,8
DA:9,6
DA:10,6
DA:11,6
DA:12,6
DA:13,6
DA:14,0
DA:17,6
DA:18,6
DA:19,6
DA:20,6
DA:21,6
DA:22,101125
DA:23,121
DA:24,121
DA:25,121
DA:28,101004
DA:30,100998
DA:33,6
DA:38,6
DA:39,6
DA:42,8
DA:46,1
DA:47,1
DA:48,1
DA:49,1
DA:50,1
DA:51,1
DA:54,1
DA:55,6
DA:56,6
DA:61,0
DA:69,0
DA:70,0
DA:71,0
DA:73,0
DA:74,0
DA:75,0
DA:77,0
DA:78,0
DA:82,0
DA:83,0
DA:92,6
DA:93,6
DA:102,6
DA:103,6
DA:104,6
DA:107,6
DA:108,6
DA:109,6
DA:115,0
DA:116,0
DA:124,6
DA:132,1
DA:136,1
DA:137,1
DA:139,1
DA:142,1
DA:144,6
DA:149,1
DA:151,1
DA:152,1
DA:153,0
DA:155,1
DA:156,1
DA:157,0
DA:159,1
DA:164,5
DA:166,5
DA:167,5
DA:170,1
DA:172,1
DA:174,5
DA:178,0
DA:179,0
DA:181,0
DA:182,0
DA:183,0
DA:185,0
DA:186,0
DA:187,0
DA:190,0
DA:195,0
DA:198,1
LF:84
LH:58
BRDA:13,0,0,0
BRDA:13,0,1,6
BRDA:21,1,0,101131
BRDA:21,1,1,101125
BRDA:21,1,2,101125
BRDA:22,2,0,121
BRDA:22,2,1,101004
BRDA:28,3,0,100998
BRDA:28,3,1,6
BRDA:50,4,0,1
BRDA:50,4,1,0
BRDA:56,5,0,0
BRDA:56,5,1,6
BRDA:69,6,0,0
BRDA:69,6,1,0
BRDA:74,7,0,0
BRDA:74,7,1,0
BRDA:77,8,0,0
BRDA:77,8,1,0
BRDA:102,9,0,6
BRDA:102,9,1,0
BRDA:108,10,0,6
BRDA:108,10,1,0
BRDA:115,11,0,0
BRDA:115,11,1,0
BRDA:144,12,0,1
BRDA:144,12,1,5
BRDA:152,13,0,0
BRDA:152,13,1,1
BRDA:156,14,0,0
BRDA:156,14,1,1
BRDA:174,15,0,0
BRDA:174,15,1,5
BRDA:182,16,0,0
BRDA:182,16,1,0
BRDA:186,17,0,0
BRDA:186,17,1,0
BRF:37
BRH:17
end_of_record
TN:
SF:src/gsd.js
FN:39,gsd
FN:254,(anonymous_1)
FN:261,getNoiseLevel
FN:274,(anonymous_3)
FN:287,realTopDetection
FNF:5
FNH:4
FNDA:4,gsd
FNDA:0,(anonymous_1)
FNDA:3,getNoiseLevel
FNDA:291,(anonymous_3)
FNDA:2,realTopDetection
DA:1,10
DA:3,10
DA:40,4
DA:41,4
DA:42,4
DA:44,4
DA:45,4
DA:46,4
DA:50,3
DA:51,90
DA:52,90
DA:53,3
DA:55,90
DA:56,3
DA:60,3
DA:61,3
DA:63,0
DA:66,4
DA:67,4
DA:68,0
DA:69,0
DA:72,4
DA:73,108
DA:76,4
DA:77,108
DA:78,72
DA:82,4
DA:84,4
DA:85,4
DA:86,3
DA:92,4
DA:97,4
DA:103,0
DA:104,0
DA:110,0
DA:115,0
DA:122,4
DA:123,4
DA:124,4
DA:125,4
DA:126,4
DA:127,108
DA:128,18
DA:130,108
DA:131,19
DA:135,4
DA:136,4
DA:137,4
DA:138,4
DA:139,4
DA:140,4
DA:141,4
DA:142,4
DA:143,4
DA:144,4
DA:146,4
DA:148,100
DA:150,100
DA:154,12
DA:158,12
DA:159,12
DA:160,12
DA:165,100
DA:169,12
DA:173,12
DA:174,0
DA:175,0
DA:181,100
DA:183,4
DA:184,4
DA:188,4
DA:189,4
DA:190,4
DA:191,4
DA:193,4
DA:194,4
DA:195,4
DA:197,4
DA:198,4
DA:199,4
DA:200,4
DA:201,4
DA:202,4
DA:203,4
DA:204,4
DA:205,7
DA:208,7
DA:209,7
DA:211,0
DA:213,7
DA:214,4
DA:215,4
DA:217,7
DA:220,4
DA:221,4
DA:222,4
DA:229,4
DA:230,0
DA:231,0
DA:233,4
DA:234,0
DA:235,0
DA:236,0
DA:243,4
DA:245,4
DA:246,2
DA:250,4
DA:251,4
DA:254,4
DA:255,0
DA:258,4
DA:262,3
DA:264,3
DA:265,3
DA:266,3
DA:267,93
DA:269,3
DA:270,3
DA:271,3
DA:272,93
DA:274,291
DA:275,3
DA:276,3
DA:278,0
DA:284,3
DA:289,2
DA:290,2
DA:292,2
DA:296,1
DA:298,1
DA:302,0
DA:304,1
DA:308,0
DA:310,1
DA:314,0
DA:320,2
DA:328,1
DA:329,1
DA:330,1
DA:331,1
DA:334,1
DA:336,1
DA:343,10
LF:143
LH:123
BRDA:46,0,0,3
BRDA:46,0,1,1
BRDA:52,1,0,3
BRDA:52,1,1,87
BRDA:55,2,0,3
BRDA:55,2,1,87
BRDA:60,3,0,3
BRDA:60,3,1,0
BRDA:67,4,0,0
BRDA:67,4,1,4
BRDA:77,5,0,72
BRDA:77,5,1,36
BRDA:84,6,0,4
BRDA:84,6,1,0
BRDA:85,7,0,3
BRDA:85,7,1,1
BRDA:103,8,0,0
BRDA:103,8,1,0
BRDA:127,9,0,18
BRDA:127,9,1,90
BRDA:130,10,0,19
BRDA:130,10,1,89
BRDA:148,11,0,100
BRDA:148,11,1,0
BRDA:150,12,0,12
BRDA:150,12,1,88
BRDA:151,13,0,100
BRDA:151,13,1,19
BRDA:151,13,2,89
BRDA:151,13,3,61
BRDA:158,14,0,12
BRDA:158,14,1,0
BRDA:158,15,0,12
BRDA:158,15,1,12
BRDA:165,16,0,12
BRDA:165,16,1,88
BRDA:166,17,0,100
BRDA:166,17,1,81
BRDA:166,17,2,89
BRDA:166,17,3,21
BRDA:173,18,0,0
BRDA:173,18,1,12
BRDA:173,19,0,12
BRDA:173,19,1,0
BRDA:181,20,0,4
BRDA:181,20,1,96
BRDA:181,21,0,100
BRDA:181,21,1,23
BRDA:204,22,0,11
BRDA:204,22,1,7
BRDA:204,22,2,7
BRDA:208,23,0,7
BRDA:208,23,1,0
BRDA:213,24,0,4
BRDA:213,24,1,3
BRDA:220,25,0,4
BRDA:220,25,1,0
BRDA:221,26,0,4
BRDA:221,26,1,0
BRDA:229,27,0,0
BRDA:229,27,1,4
BRDA:233,28,0,0
BRDA:233,28,1,4
BRDA:245,29,0,2
BRDA:245,29,1,2
BRDA:275,30,0,3
BRDA:275,30,1,0
BRDA:292,31,0,1
BRDA:292,31,1,1
BRDA:293,32,0,2
BRDA:293,32,1,2
BRDA:298,33,0,0
BRDA:298,33,1,1
BRDA:299,34,0,1
BRDA:299,34,1,0
BRDA:304,35,0,0
BRDA:304,35,1,1
BRDA:305,36,0,1
BRDA:305,36,1,1
BRDA:310,37,0,0
BRDA:310,37,1,1
BRDA:311,38,0,1
BRDA:311,38,1,0
BRDA:320,39,0,1
BRDA:320,39,1,1
BRDA:321,40,0,2
BRDA:321,40,1,2
BRDA:321,40,2,2
BRDA:321,40,3,2
BRDA:321,40,4,2
BRDA:321,40,5,1
BRF:91
BRH:71
end_of_record
TN:
SF:src/index.js
FNF:0
FNH:0
LF:0
LH:0
BRF:0
BRH:0
end_of_record
TN:
SF:src/post/broadenPeaks.js
FN:10,broadenPeaks
FNF:1
FNH:1
FNDA:5,broadenPeaks
DA:11,5
DA:13,5
DA:14,15
DA:15,15
DA:18,5
DA:19,4
DA:20,8
DA:21,8
DA:22,8
DA:23,4
DA:28,5
DA:29,15
DA:32,5
LF:13
LH:13
BRDA:10,0,0,1
BRDA:11,1,0,2
BRDA:11,2,0,4
BRDA:18,3,0,4
BRDA:18,3,1,1
BRDA:22,4,0,4
BRDA:22,4,1,4
BRF:7
BRH:7
end_of_record
TN:
SF:src/post/joinBroadPeaks.js
FN:8,joinBroadPeaks
FN:55,(anonymous_1)
FN:67,(anonymous_2)
FNF:3
FNH:0
FNDA:0,joinBroadPeaks
FNDA:0,(anonymous_1)
FNDA:0,(anonymous_2)
DA:1,8
DA:9,0
DA:10,0
DA:12,0
DA:14,0
DA:16,0
DA:17,0
DA:18,0
DA:19,0
DA:23,0
DA:25,0
DA:26,0
DA:28,0
DA:30,0
DA:31,0
DA:32,0
DA:33,0
DA:34,0
DA:36,0
DA:37,0
DA:39,0
DA:40,0
DA:47,0
DA:55,0
DA:56,0
DA:59,0
DA:60,0
DA:61,0
DA:62,0
DA:63,0
DA:67,0
DA:68,0
DA:71,0
LF:33
LH:1
BRDA:8,0,0,0
BRDA:18,1,0,0
BRDA:18,1,1,0
BRDA:30,2,0,0
BRDA:30,2,1,0
BRDA:32,3,0,0
BRDA:32,3,1,0
BRDA:39,4,0,0
BRDA:39,4,1,0
BRF:9
BRH:0
end_of_record
TN:
SF:src/post/optimizePeaks.js
FN:3,sampleFunction
FN:37,optimizePeaks
FN:130,groupPeaks
FNF:3
FNH:0
FNDA:0,sampleFunction
FNDA:0,optimizePeaks
FNDA:0,groupPeaks
DA:4,0
DA:5,0
DA:6,0
DA:7,0
DA:8,0
DA:9,0
DA:12,0
DA:13,0
DA:14,0
DA:15,0
DA:16,0
DA:17,0
DA:18,0
DA:19,0
DA:20,0
DA:23,0
DA:25,0
DA:28,0
DA:33,0
DA:34,0
DA:41,0
DA:42,0
DA:43,0
DA:44,0
DA:45,0
DA:46,0
DA:49,0
DA:50,0
DA:51,0
DA:56,0
DA:64,0
DA:65,0
DA:66,0
DA:68,0
DA:69,0
DA:70,0
DA:72,0
DA:73,0
DA:77,0
DA:78,0
DA:87,0
DA:88,0
DA:97,0
DA:98,0
DA:99,0
DA:102,0
DA:103,0
DA:104,0
DA:110,0
DA:111,0
DA:119,0
DA:127,0
DA:131,0
DA:132,0
DA:134,0
DA:137,0
DA:139,0
DA:144,0
DA:146,0
DA:147,0
DA:148,0
DA:150,0
DA:151,0
DA:152,0
DA:154,0
DA:159,0
DA:161,0
DA:162,0
DA:165,0
DA:167,0
DA:169,0
DA:173,0
DA:174,0
DA:176,0
DA:177,0
DA:178,0
DA:180,0
DA:181,0
DA:182,0
DA:185,0
DA:190,0
DA:193,0
LF:82
LH:0
BRDA:8,0,0,0
BRDA:8,0,1,0
BRDA:16,1,0,0
BRDA:16,1,1,0
BRDA:16,1,2,0
BRDA:17,2,0,0
BRDA:17,2,1,0
BRDA:23,3,0,0
BRDA:23,3,1,0
BRDA:45,4,0,0
BRDA:45,4,1,0
BRDA:51,5,0,0
BRDA:51,5,1,0
BRDA:64,6,0,0
BRDA:64,6,1,0
BRDA:69,7,0,0
BRDA:69,7,1,0
BRDA:72,8,0,0
BRDA:72,8,1,0
BRDA:97,9,0,0
BRDA:97,9,1,0
BRDA:103,10,0,0
BRDA:103,10,1,0
BRDA:110,11,0,0
BRDA:110,11,1,0
BRDA:139,12,0,0
BRDA:139,12,1,0
BRDA:147,13,0,0
BRDA:147,13,1,0
BRDA:151,14,0,0
BRDA:151,14,1,0
BRDA:169,15,0,0
BRDA:169,15,1,0
BRDA:177,16,0,0
BRDA:177,16,1,0
BRDA:181,17,0,0
BRDA:181,17,1,0
BRF:37
BRH:0
end_of_record
